<?xml version="1.0" encoding="UTF-8"?>
<robot generator="Robot 7.4.2 (Python 3.14.3 on win32)" generated="2026-07-09T19:47:43.288063" rpa="false" schemaversion="5">
<suite id="s1" name="Test" source="C:\Amit_Tech\Education\VisualStudio_Workspace\Robot_Automation_Projects\RobotAutomationDemo\RobotAutomationDemoProject\test">
<suite id="s1-s1" name="testDataCSVRead" source="C:\Amit_Tech\Education\VisualStudio_Workspace\Robot_Automation_Projects\RobotAutomationDemo\RobotAutomationDemoProject\test\testDataCSVRead.robot">
<kw name="Initial Setup" owner="Generic" type="SETUP">
<kw name="Prepare Screenshot Directory" owner="Generic">
<kw name="Set Screenshot Directory" owner="SeleniumLibrary">
<arg>${SCREENSHOT_DIR}</arg>
<doc>Sets the directory for captured screenshots.</doc>
<status status="PASS" start="2026-07-09T19:47:43.701269" elapsed="0.000365"/>
</kw>
<kw name="Log To Console" owner="BuiltIn">
<arg>Screenshot directory: ${SCREENSHOT_DIR}</arg>
<doc>Logs the given message to the console.</doc>
<status status="PASS" start="2026-07-09T19:47:43.701814" elapsed="0.000387"/>
</kw>
<kw name="Delete Old Screenshots" owner="Generic">
<kw name="Run Keyword And Ignore Error" owner="BuiltIn">
<kw name="Remove Files" owner="OperatingSystem">
<msg time="2026-07-09T19:47:43.703379" level="INFO" html="true">File '&lt;a href="file://C:\Amit_Tech\Education\VisualStudio_Workspace\Robot_Automation_Projects\RobotAutomationDemo\RobotAutomationDemoProject\screenshots\*.png"&gt;C:\Amit_Tech\Education\VisualStudio_Workspace\Robot_Automation_Projects\RobotAutomationDemo\RobotAutomationDemoProject\screenshots\*.png&lt;/a&gt;' does not exist.</msg>
<arg>${SCREENSHOT_DIR}${/}*.png</arg>
<doc>Uses `Remove File` to remove multiple files one-by-one.</doc>
<status status="PASS" start="2026-07-09T19:47:43.702844" elapsed="0.000611"/>
</kw>
<arg>Remove Files</arg>
<arg>${SCREENSHOT_DIR}${/}*.png</arg>
<doc>Runs the given keyword with the given arguments and ignores possible error.</doc>
<status status="PASS" start="2026-07-09T19:47:43.702528" elapsed="0.000998"/>
</kw>
<status status="PASS" start="2026-07-09T19:47:43.702356" elapsed="0.001238"/>
</kw>
<status status="PASS" start="2026-07-09T19:47:43.700479" elapsed="0.003170"/>
</kw>
<kw name="Delete Old Screenshots" owner="Generic">
<kw name="Run Keyword And Ignore Error" owner="BuiltIn">
<kw name="Remove Files" owner="OperatingSystem">
<msg time="2026-07-09T19:47:43.704550" level="INFO" html="true">File '&lt;a href="file://C:\Amit_Tech\Education\VisualStudio_Workspace\Robot_Automation_Projects\RobotAutomationDemo\RobotAutomationDemoProject\screenshots\*.png"&gt;C:\Amit_Tech\Education\VisualStudio_Workspace\Robot_Automation_Projects\RobotAutomationDemo\RobotAutomationDemoProject\screenshots\*.png&lt;/a&gt;' does not exist.</msg>
<arg>${SCREENSHOT_DIR}${/}*.png</arg>
<doc>Uses `Remove File` to remove multiple files one-by-one.</doc>
<status status="PASS" start="2026-07-09T19:47:43.704199" elapsed="0.000419"/>
</kw>
<arg>Remove Files</arg>
<arg>${SCREENSHOT_DIR}${/}*.png</arg>
<doc>Runs the given keyword with the given arguments and ignores possible error.</doc>
<status status="PASS" start="2026-07-09T19:47:43.703927" elapsed="0.000748"/>
</kw>
<status status="PASS" start="2026-07-09T19:47:43.703762" elapsed="0.000967"/>
</kw>
<status status="PASS" start="2026-07-09T19:47:43.700145" elapsed="0.004626"/>
</kw>
<test id="s1-s1-t1" name="Invalid username" line="23">
<kw name="Open the URL with the login URL" owner="Generic" type="SETUP">
<kw name="Convert To Lower Case" owner="String">
<msg time="2026-07-09T19:47:43.707262" level="INFO">${browser} = firefox</msg>
<var>${browser}</var>
<arg>${BROWSER}</arg>
<doc>Converts string to lower case.</doc>
<status status="PASS" start="2026-07-09T19:47:43.707042" elapsed="0.000264"/>
</kw>
<if>
<branch type="IF" condition="'${browser}' == 'chrome'">
<kw name="Evaluate" owner="BuiltIn">
<var>${options}</var>
<arg>sys.modules['selenium.webdriver'].ChromeOptions()</arg>
<arg>sys, selenium.webdriver</arg>
<doc>Evaluates the given expression in Python and returns the result.</doc>
<status status="NOT RUN" start="2026-07-09T19:47:43.707700" elapsed="0.000031"/>
</kw>
<kw name="Create Dictionary" owner="BuiltIn">
<var>${prefs}</var>
<arg>credentials_enable_service=${False}</arg>
<arg>profile.password_manager_enabled=${False}</arg>
<arg>profile.password_manager_leak_detection=${False}</arg>
<doc>Creates and returns a dictionary based on the given ``items``.</doc>
<status status="NOT RUN" start="2026-07-09T19:47:43.707837" elapsed="0.000024"/>
</kw>
<kw name="Call Method" owner="BuiltIn">
<arg>${options}</arg>
<arg>add_experimental_option</arg>
<arg>prefs</arg>
<arg>${prefs}</arg>
<doc>Calls the named method of the given object with the provided arguments.</doc>
<status status="NOT RUN" start="2026-07-09T19:47:43.707946" elapsed="0.000023"/>
</kw>
<kw name="Create Webdriver" owner="SeleniumLibrary">
<arg>Chrome</arg>
<arg>options=${options}</arg>
<doc>Creates an instance of Selenium WebDriver.</doc>
<status status="NOT RUN" start="2026-07-09T19:47:43.708060" elapsed="0.000023"/>
</kw>
<status status="NOT RUN" start="2026-07-09T19:47:43.707444" elapsed="0.000673"/>
</branch>
<branch type="ELSE IF" condition="'${browser}' == 'edge'">
<kw name="Evaluate" owner="BuiltIn">
<var>${options}</var>
<arg>sys.modules['selenium.webdriver'].EdgeOptions()</arg>
<arg>sys, selenium.webdriver</arg>
<doc>Evaluates the given expression in Python and returns the result.</doc>
<status status="NOT RUN" start="2026-07-09T19:47:43.708337" elapsed="0.000024"/>
</kw>
<kw name="Create Webdriver" owner="SeleniumLibrary">
<arg>Edge</arg>
<arg>options=${options}</arg>
<doc>Creates an instance of Selenium WebDriver.</doc>
<status status="NOT RUN" start="2026-07-09T19:47:43.708448" elapsed="0.000022"/>
</kw>
<status status="NOT RUN" start="2026-07-09T19:47:43.708164" elapsed="0.000339"/>
</branch>
<branch type="ELSE IF" condition="'${browser}' == 'firefox'">
<kw name="Evaluate" owner="BuiltIn">
<msg time="2026-07-09T19:47:43.710941" level="INFO">${options} = &lt;selenium.webdriver.firefox.options.Options object at 0x0000024BA0346E40&gt;</msg>
<var>${options}</var>
<arg>sys.modules['selenium.webdriver'].FirefoxOptions()</arg>
<arg>sys, selenium.webdriver</arg>
<doc>Evaluates the given expression in Python and returns the result.</doc>
<status status="PASS" start="2026-07-09T19:47:43.708687" elapsed="0.002303"/>
</kw>
<kw name="Create Webdriver" owner="SeleniumLibrary">
<msg time="2026-07-09T19:47:43.718773" level="INFO">Creating an instance of the Firefox WebDriver.</msg>
<arg>Firefox</arg>
<arg>options=${options}</arg>
<doc>Creates an instance of Selenium WebDriver.</doc>
<status status="PASS" start="2026-07-09T19:47:43.711158" elapsed="8.442768"/>
</kw>
<status status="PASS" start="2026-07-09T19:47:43.708542" elapsed="8.445667"/>
</branch>
<branch type="ELSE">
<kw name="Fail" owner="BuiltIn">
<arg>Unsupported browser: ${BROWSER}</arg>
<doc>Fails the test with the given message and optionally alters its tags.</doc>
<status status="NOT RUN" start="2026-07-09T19:47:52.154835" elapsed="0.000174"/>
</kw>
<status status="NOT RUN" start="2026-07-09T19:47:52.154412" elapsed="0.000928"/>
</branch>
<status status="PASS" start="2026-07-09T19:47:43.707408" elapsed="8.448098"/>
</if>
<kw name="Go To" owner="SeleniumLibrary">
<msg time="2026-07-09T19:47:52.156547" level="INFO">Opening url 'https://rahulshettyacademy.com/loginpagePractise/'</msg>
<arg>${URL}</arg>
<doc>Navigates the current browser window to the provided ``url``.</doc>
<status status="PASS" start="2026-07-09T19:47:52.155940" elapsed="0.811289"/>
</kw>
<kw name="Maximize Browser Window" owner="SeleniumLibrary">
<doc>Maximizes current browser window.</doc>
<status status="PASS" start="2026-07-09T19:47:52.967740" elapsed="0.383721"/>
</kw>
<arg>${URL}</arg>
<arg>${BROWSER}</arg>
<status status="PASS" start="2026-07-09T19:47:43.706483" elapsed="9.645312"/>
</kw>
<kw name="Validate Unsuccessful Login">
<kw name="Fill the login Form">
<kw name="Input Text" owner="SeleniumLibrary">
<msg time="2026-07-09T19:47:53.362838" level="INFO">Typing text 'dsahed' into text field 'id:username'.</msg>
<arg>id:username</arg>
<arg>${username}</arg>
<doc>Types the given ``text`` into the text field identified by ``locator``.</doc>
<status status="PASS" start="2026-07-09T19:47:53.356783" elapsed="0.664308"/>
</kw>
<kw name="Input Text" owner="SeleniumLibrary">
<msg time="2026-07-09T19:47:54.022626" level="INFO">Typing text 'learning' into text field 'id:password'.</msg>
<arg>id:password</arg>
<arg>${password}</arg>
<doc>Types the given ``text`` into the text field identified by ``locator``.</doc>
<status status="PASS" start="2026-07-09T19:47:54.021604" elapsed="0.298743"/>
</kw>
<kw name="Click Button" owner="SeleniumLibrary">
<msg time="2026-07-09T19:47:54.321714" level="INFO">Clicking button 'signInBtn'.</msg>
<arg>signInBtn</arg>
<doc>Clicks the button identified by ``locator``.</doc>
<status status="PASS" start="2026-07-09T19:47:54.320952" elapsed="0.409697"/>
</kw>
<arg>${username}</arg>
<arg>${password}</arg>
<status status="PASS" start="2026-07-09T19:47:53.353521" elapsed="1.377539"/>
</kw>
<kw name="wait until it checks and display error message">
<kw name="Wait Until Element Is Visible" owner="SeleniumLibrary">
<arg>${ERROR_MESSAGE_LOGIN}</arg>
<doc>Waits until the element ``locator`` is visible.</doc>
<status status="PASS" start="2026-07-09T19:47:54.732920" elapsed="1.958087"/>
</kw>
<arg>${ERROR_MESSAGE_LOGIN}</arg>
<status status="PASS" start="2026-07-09T19:47:54.731651" elapsed="1.959690"/>
</kw>
<kw name="verify error message is correct">
<kw name="Get Text" owner="SeleniumLibrary">
<msg time="2026-07-09T19:47:56.734096" level="INFO">${result} = Incorrect username/password.</msg>
<var>${result}</var>
<arg>${ERROR_MESSAGE_LOGIN}</arg>
<doc>Returns the text value of the element identified by ``locator``.</doc>
<status status="PASS" start="2026-07-09T19:47:56.692680" elapsed="0.041557"/>
</kw>
<kw name="Should Be Equal As Strings" owner="BuiltIn">
<arg>${result}</arg>
<arg>Incorrect username/password.</arg>
<doc>Fails if objects are unequal after converting them to strings.</doc>
<status status="PASS" start="2026-07-09T19:47:56.734673" elapsed="0.001101"/>
</kw>
<kw name="Element Text Should Be" owner="SeleniumLibrary">
<msg time="2026-07-09T19:47:56.737685" level="INFO">Verifying element 'css:.alert-danger' contains exact text 'Incorrect username/password.'.</msg>
<arg>${ERROR_MESSAGE_LOGIN}</arg>
<arg>Incorrect username/password.</arg>
<doc>Verifies that element ``locator`` contains exact the text ``expected``.</doc>
<status status="PASS" start="2026-07-09T19:47:56.736167" elapsed="0.044111"/>
</kw>
<status status="PASS" start="2026-07-09T19:47:56.691866" elapsed="0.088820"/>
</kw>
<arg>username=dsahed</arg>
<arg>password=learning</arg>
<status status="PASS" start="2026-07-09T19:47:53.352407" elapsed="3.428519"/>
</kw>
<kw name="Close Browser" owner="SeleniumLibrary" type="TEARDOWN">
<doc>Closes the current browser.</doc>
<status status="PASS" start="2026-07-09T19:47:56.781777" elapsed="4.411557"/>
</kw>
<tag>Positive</tag>
<status status="PASS" start="2026-07-09T19:47:43.704833" elapsed="17.488698"/>
</test>
<test id="s1-s1-t2" name="Invalid password" line="23">
<kw name="Open the URL with the login URL" owner="Generic" type="SETUP">
<kw name="Convert To Lower Case" owner="String">
<msg time="2026-07-09T19:48:01.197716" level="INFO">${browser} = firefox</msg>
<var>${browser}</var>
<arg>${BROWSER}</arg>
<doc>Converts string to lower case.</doc>
<status status="PASS" start="2026-07-09T19:48:01.197320" elapsed="0.000460"/>
</kw>
<if>
<branch type="IF" condition="'${browser}' == 'chrome'">
<kw name="Evaluate" owner="BuiltIn">
<var>${options}</var>
<arg>sys.modules['selenium.webdriver'].ChromeOptions()</arg>
<arg>sys, selenium.webdriver</arg>
<doc>Evaluates the given expression in Python and returns the result.</doc>
<status status="NOT RUN" start="2026-07-09T19:48:01.198372" elapsed="0.000057"/>
</kw>
<kw name="Create Dictionary" owner="BuiltIn">
<var>${prefs}</var>
<arg>credentials_enable_service=${False}</arg>
<arg>profile.password_manager_enabled=${False}</arg>
<arg>profile.password_manager_leak_detection=${False}</arg>
<doc>Creates and returns a dictionary based on the given ``items``.</doc>
<status status="NOT RUN" start="2026-07-09T19:48:01.198640" elapsed="0.000050"/>
</kw>
<kw name="Call Method" owner="BuiltIn">
<arg>${options}</arg>
<arg>add_experimental_option</arg>
<arg>prefs</arg>
<arg>${prefs}</arg>
<doc>Calls the named method of the given object with the provided arguments.</doc>
<status status="NOT RUN" start="2026-07-09T19:48:01.198863" elapsed="0.000047"/>
</kw>
<kw name="Create Webdriver" owner="SeleniumLibrary">
<arg>Chrome</arg>
<arg>options=${options}</arg>
<doc>Creates an instance of Selenium WebDriver.</doc>
<status status="NOT RUN" start="2026-07-09T19:48:01.199130" elapsed="0.000047"/>
</kw>
<status status="NOT RUN" start="2026-07-09T19:48:01.197981" elapsed="0.001273"/>
</branch>
<branch type="ELSE IF" condition="'${browser}' == 'edge'">
<kw name="Evaluate" owner="BuiltIn">
<var>${options}</var>
<arg>sys.modules['selenium.webdriver'].EdgeOptions()</arg>
<arg>sys, selenium.webdriver</arg>
<doc>Evaluates the given expression in Python and returns the result.</doc>
<status status="NOT RUN" start="2026-07-09T19:48:01.199679" elapsed="0.000051"/>
</kw>
<kw name="Create Webdriver" owner="SeleniumLibrary">
<arg>Edge</arg>
<arg>options=${options}</arg>
<doc>Creates an instance of Selenium WebDriver.</doc>
<status status="NOT RUN" start="2026-07-09T19:48:01.199923" elapsed="0.000047"/>
</kw>
<status status="NOT RUN" start="2026-07-09T19:48:01.199327" elapsed="0.000719"/>
</branch>
<branch type="ELSE IF" condition="'${browser}' == 'firefox'">
<kw name="Evaluate" owner="BuiltIn">
<msg time="2026-07-09T19:48:01.201238" level="INFO">${options} = &lt;selenium.webdriver.firefox.options.Options object at 0x0000024BA0484550&gt;</msg>
<var>${options}</var>
<arg>sys.modules['selenium.webdriver'].FirefoxOptions()</arg>
<arg>sys, selenium.webdriver</arg>
<doc>Evaluates the given expression in Python and returns the result.</doc>
<status status="PASS" start="2026-07-09T19:48:01.200404" elapsed="0.000911"/>
</kw>
<kw name="Create Webdriver" owner="SeleniumLibrary">
<msg time="2026-07-09T19:48:01.201909" level="INFO">Creating an instance of the Firefox WebDriver.</msg>
<arg>Firefox</arg>
<arg>options=${options}</arg>
<doc>Creates an instance of Selenium WebDriver.</doc>
<status status="PASS" start="2026-07-09T19:48:01.201577" elapsed="6.440720"/>
</kw>
<status status="PASS" start="2026-07-09T19:48:01.200114" elapsed="6.442387"/>
</branch>
<branch type="ELSE">
<kw name="Fail" owner="BuiltIn">
<arg>Unsupported browser: ${BROWSER}</arg>
<doc>Fails the test with the given message and optionally alters its tags.</doc>
<status status="NOT RUN" start="2026-07-09T19:48:07.642942" elapsed="0.000090"/>
</kw>
<status status="NOT RUN" start="2026-07-09T19:48:07.642628" elapsed="0.000516"/>
</branch>
<status status="PASS" start="2026-07-09T19:48:01.197931" elapsed="6.445333"/>
</if>
<kw name="Go To" owner="SeleniumLibrary">
<msg time="2026-07-09T19:48:07.643890" level="INFO">Opening url 'https://rahulshettyacademy.com/loginpagePractise/'</msg>
<arg>${URL}</arg>
<doc>Navigates the current browser window to the provided ``url``.</doc>
<status status="PASS" start="2026-07-09T19:48:07.643503" elapsed="0.648530"/>
</kw>
<kw name="Maximize Browser Window" owner="SeleniumLibrary">
<doc>Maximizes current browser window.</doc>
<status status="PASS" start="2026-07-09T19:48:08.292599" elapsed="0.379790"/>
</kw>
<arg>${URL}</arg>
<arg>${BROWSER}</arg>
<status status="PASS" start="2026-07-09T19:48:01.196491" elapsed="7.476423"/>
</kw>
<kw name="Validate Unsuccessful Login">
<kw name="Fill the login Form">
<kw name="Input Text" owner="SeleniumLibrary">
<msg time="2026-07-09T19:48:08.676557" level="INFO">Typing text 'rahulshetty' into text field 'id:username'.</msg>
<arg>id:username</arg>
<arg>${username}</arg>
<doc>Types the given ``text`` into the text field identified by ``locator``.</doc>
<status status="PASS" start="2026-07-09T19:48:08.675487" elapsed="0.574059"/>
</kw>
<kw name="Input Text" owner="SeleniumLibrary">
<msg time="2026-07-09T19:48:09.251218" level="INFO">Typing text 'ploudfg' into text field 'id:password'.</msg>
<arg>id:password</arg>
<arg>${password}</arg>
<doc>Types the given ``text`` into the text field identified by ``locator``.</doc>
<status status="PASS" start="2026-07-09T19:48:09.250017" elapsed="0.307515"/>
</kw>
<kw name="Click Button" owner="SeleniumLibrary">
<msg time="2026-07-09T19:48:09.559001" level="INFO">Clicking button 'signInBtn'.</msg>
<arg>signInBtn</arg>
<doc>Clicks the button identified by ``locator``.</doc>
<status status="PASS" start="2026-07-09T19:48:09.558359" elapsed="0.340039"/>
</kw>
<arg>${username}</arg>
<arg>${password}</arg>
<status status="PASS" start="2026-07-09T19:48:08.674507" elapsed="1.224740"/>
</kw>
<kw name="wait until it checks and display error message">
<kw name="Wait Until Element Is Visible" owner="SeleniumLibrary">
<arg>${ERROR_MESSAGE_LOGIN}</arg>
<doc>Waits until the element ``locator`` is visible.</doc>
<status status="PASS" start="2026-07-09T19:48:09.906603" elapsed="2.001983"/>
</kw>
<arg>${ERROR_MESSAGE_LOGIN}</arg>
<status status="PASS" start="2026-07-09T19:48:09.900114" elapsed="2.008796"/>
</kw>
<kw name="verify error message is correct">
<kw name="Get Text" owner="SeleniumLibrary">
<msg time="2026-07-09T19:48:11.946768" level="INFO">${result} = Incorrect username/password.</msg>
<var>${result}</var>
<arg>${ERROR_MESSAGE_LOGIN}</arg>
<doc>Returns the text value of the element identified by ``locator``.</doc>
<status status="PASS" start="2026-07-09T19:48:11.912588" elapsed="0.034316"/>
</kw>
<kw name="Should Be Equal As Strings" owner="BuiltIn">
<arg>${result}</arg>
<arg>Incorrect username/password.</arg>
<doc>Fails if objects are unequal after converting them to strings.</doc>
<status status="PASS" start="2026-07-09T19:48:11.947347" elapsed="0.002084"/>
</kw>
<kw name="Element Text Should Be" owner="SeleniumLibrary">
<msg time="2026-07-09T19:48:11.958214" level="INFO">Verifying element 'css:.alert-danger' contains exact text 'Incorrect username/password.'.</msg>
<arg>${ERROR_MESSAGE_LOGIN}</arg>
<arg>Incorrect username/password.</arg>
<doc>Verifies that element ``locator`` contains exact the text ``expected``.</doc>
<status status="PASS" start="2026-07-09T19:48:11.949944" elapsed="0.037606"/>
</kw>
<status status="PASS" start="2026-07-09T19:48:11.909402" elapsed="0.078557"/>
</kw>
<arg>username=rahulshetty</arg>
<arg>password=ploudfg</arg>
<status status="PASS" start="2026-07-09T19:48:08.673536" elapsed="3.314613"/>
</kw>
<kw name="Close Browser" owner="SeleniumLibrary" type="TEARDOWN">
<doc>Closes the current browser.</doc>
<status status="PASS" start="2026-07-09T19:48:11.988762" elapsed="3.694567"/>
</kw>
<tag>Positive</tag>
<status status="PASS" start="2026-07-09T19:48:01.194174" elapsed="14.489442"/>
</test>
<test id="s1-s1-t3" name="special characters" line="23">
<kw name="Open the URL with the login URL" owner="Generic" type="SETUP">
<kw name="Convert To Lower Case" owner="String">
<msg time="2026-07-09T19:48:15.690586" level="INFO">${browser} = firefox</msg>
<var>${browser}</var>
<arg>${BROWSER}</arg>
<doc>Converts string to lower case.</doc>
<status status="PASS" start="2026-07-09T19:48:15.689721" elapsed="0.001036"/>
</kw>
<if>
<branch type="IF" condition="'${browser}' == 'chrome'">
<kw name="Evaluate" owner="BuiltIn">
<var>${options}</var>
<arg>sys.modules['selenium.webdriver'].ChromeOptions()</arg>
<arg>sys, selenium.webdriver</arg>
<doc>Evaluates the given expression in Python and returns the result.</doc>
<status status="NOT RUN" start="2026-07-09T19:48:15.692391" elapsed="0.000105"/>
</kw>
<kw name="Create Dictionary" owner="BuiltIn">
<var>${prefs}</var>
<arg>credentials_enable_service=${False}</arg>
<arg>profile.password_manager_enabled=${False}</arg>
<arg>profile.password_manager_leak_detection=${False}</arg>
<doc>Creates and returns a dictionary based on the given ``items``.</doc>
<status status="NOT RUN" start="2026-07-09T19:48:15.693215" elapsed="0.000147"/>
</kw>
<kw name="Call Method" owner="BuiltIn">
<arg>${options}</arg>
<arg>add_experimental_option</arg>
<arg>prefs</arg>
<arg>${prefs}</arg>
<doc>Calls the named method of the given object with the provided arguments.</doc>
<status status="NOT RUN" start="2026-07-09T19:48:15.693736" elapsed="0.000106"/>
</kw>
<kw name="Create Webdriver" owner="SeleniumLibrary">
<arg>Chrome</arg>
<arg>options=${options}</arg>
<doc>Creates an instance of Selenium WebDriver.</doc>
<status status="NOT RUN" start="2026-07-09T19:48:15.694234" elapsed="0.000112"/>
</kw>
<status status="NOT RUN" start="2026-07-09T19:48:15.691429" elapsed="0.003122"/>
</branch>
<branch type="ELSE IF" condition="'${browser}' == 'edge'">
<kw name="Evaluate" owner="BuiltIn">
<var>${options}</var>
<arg>sys.modules['selenium.webdriver'].EdgeOptions()</arg>
<arg>sys, selenium.webdriver</arg>
<doc>Evaluates the given expression in Python and returns the result.</doc>
<status status="NOT RUN" start="2026-07-09T19:48:15.695337" elapsed="0.000127"/>
</kw>
<kw name="Create Webdriver" owner="SeleniumLibrary">
<arg>Edge</arg>
<arg>options=${options}</arg>
<doc>Creates an instance of Selenium WebDriver.</doc>
<status status="NOT RUN" start="2026-07-09T19:48:15.696122" elapsed="0.000192"/>
</kw>
<status status="NOT RUN" start="2026-07-09T19:48:15.694692" elapsed="0.002652"/>
</branch>
<branch type="ELSE IF" condition="'${browser}' == 'firefox'">
<kw name="Evaluate" owner="BuiltIn">
<msg time="2026-07-09T19:48:15.699756" level="INFO">${options} = &lt;selenium.webdriver.firefox.options.Options object at 0x0000024BA0486490&gt;</msg>
<var>${options}</var>
<arg>sys.modules['selenium.webdriver'].FirefoxOptions()</arg>
<arg>sys, selenium.webdriver</arg>
<doc>Evaluates the given expression in Python and returns the result.</doc>
<status status="PASS" start="2026-07-09T19:48:15.698361" elapsed="0.001517"/>
</kw>
<kw name="Create Webdriver" owner="SeleniumLibrary">
<msg time="2026-07-09T19:48:15.701208" level="INFO">Creating an instance of the Firefox WebDriver.</msg>
<arg>Firefox</arg>
<arg>options=${options}</arg>
<doc>Creates an instance of Selenium WebDriver.</doc>
<status status="PASS" start="2026-07-09T19:48:15.700376" elapsed="7.644428"/>
</kw>
<status status="PASS" start="2026-07-09T19:48:15.697555" elapsed="7.647494"/>
</branch>
<branch type="ELSE">
<kw name="Fail" owner="BuiltIn">
<arg>Unsupported browser: ${BROWSER}</arg>
<doc>Fails the test with the given message and optionally alters its tags.</doc>
<status status="NOT RUN" start="2026-07-09T19:48:23.345768" elapsed="0.000130"/>
</kw>
<status status="NOT RUN" start="2026-07-09T19:48:23.345192" elapsed="0.000867"/>
</branch>
<status status="PASS" start="2026-07-09T19:48:15.691255" elapsed="7.654928"/>
</if>
<kw name="Go To" owner="SeleniumLibrary">
<msg time="2026-07-09T19:48:23.347253" level="INFO">Opening url 'https://rahulshettyacademy.com/loginpagePractise/'</msg>
<arg>${URL}</arg>
<doc>Navigates the current browser window to the provided ``url``.</doc>
<status status="PASS" start="2026-07-09T19:48:23.346551" elapsed="0.650826"/>
</kw>
<kw name="Maximize Browser Window" owner="SeleniumLibrary">
<doc>Maximizes current browser window.</doc>
<status status="PASS" start="2026-07-09T19:48:23.997998" elapsed="0.328752"/>
</kw>
<arg>${URL}</arg>
<arg>${BROWSER}</arg>
<status status="PASS" start="2026-07-09T19:48:15.688399" elapsed="8.638887"/>
</kw>
<kw name="Validate Unsuccessful Login">
<kw name="Fill the login Form">
<kw name="Input Text" owner="SeleniumLibrary">
<msg time="2026-07-09T19:48:24.330775" level="INFO">Typing text '@#$' into text field 'id:username'.</msg>
<arg>id:username</arg>
<arg>${username}</arg>
<doc>Types the given ``text`` into the text field identified by ``locator``.</doc>
<status status="PASS" start="2026-07-09T19:48:24.330044" elapsed="0.389925"/>
</kw>
<kw name="Input Text" owner="SeleniumLibrary">
<msg time="2026-07-09T19:48:24.721355" level="INFO">Typing text 'learning' into text field 'id:password'.</msg>
<arg>id:password</arg>
<arg>${password}</arg>
<doc>Types the given ``text`` into the text field identified by ``locator``.</doc>
<status status="PASS" start="2026-07-09T19:48:24.720551" elapsed="0.357750"/>
</kw>
<kw name="Click Button" owner="SeleniumLibrary">
<msg time="2026-07-09T19:48:25.079215" level="INFO">Clicking button 'signInBtn'.</msg>
<arg>signInBtn</arg>
<doc>Clicks the button identified by ``locator``.</doc>
<status status="PASS" start="2026-07-09T19:48:25.078702" elapsed="0.213974"/>
</kw>
<arg>${username}</arg>
<arg>${password}</arg>
<status status="PASS" start="2026-07-09T19:48:24.328993" elapsed="0.963928"/>
</kw>
<kw name="wait until it checks and display error message">
<kw name="Wait Until Element Is Visible" owner="SeleniumLibrary">
<arg>${ERROR_MESSAGE_LOGIN}</arg>
<doc>Waits until the element ``locator`` is visible.</doc>
<status status="PASS" start="2026-07-09T19:48:25.294064" elapsed="2.038519"/>
</kw>
<arg>${ERROR_MESSAGE_LOGIN}</arg>
<status status="PASS" start="2026-07-09T19:48:25.293294" elapsed="2.039549"/>
</kw>
<kw name="verify error message is correct">
<kw name="Get Text" owner="SeleniumLibrary">
<msg time="2026-07-09T19:48:27.353951" level="INFO">${result} = Incorrect username/password.</msg>
<var>${result}</var>
<arg>${ERROR_MESSAGE_LOGIN}</arg>
<doc>Returns the text value of the element identified by ``locator``.</doc>
<status status="PASS" start="2026-07-09T19:48:27.334096" elapsed="0.020003"/>
</kw>
<kw name="Should Be Equal As Strings" owner="BuiltIn">
<arg>${result}</arg>
<arg>Incorrect username/password.</arg>
<doc>Fails if objects are unequal after converting them to strings.</doc>
<status status="PASS" start="2026-07-09T19:48:27.354604" elapsed="0.001327"/>
</kw>
<kw name="Element Text Should Be" owner="SeleniumLibrary">
<msg time="2026-07-09T19:48:27.357407" level="INFO">Verifying element 'css:.alert-danger' contains exact text 'Incorrect username/password.'.</msg>
<arg>${ERROR_MESSAGE_LOGIN}</arg>
<arg>Incorrect username/password.</arg>
<doc>Verifies that element ``locator`` contains exact the text ``expected``.</doc>
<status status="PASS" start="2026-07-09T19:48:27.356361" elapsed="0.016805"/>
</kw>
<status status="PASS" start="2026-07-09T19:48:27.333229" elapsed="0.040215"/>
</kw>
<arg>username=@#$</arg>
<arg>password=learning</arg>
<status status="PASS" start="2026-07-09T19:48:24.328046" elapsed="3.045550"/>
</kw>
<kw name="Close Browser" owner="SeleniumLibrary" type="TEARDOWN">
<doc>Closes the current browser.</doc>
<status status="PASS" start="2026-07-09T19:48:27.374132" elapsed="4.156522"/>
</kw>
<tag>Positive</tag>
<status status="PASS" start="2026-07-09T19:48:15.684586" elapsed="15.846538"/>
</test>
<doc>Test Suite for validate the login here</doc>
<status status="PASS" start="2026-07-09T19:47:43.325591" elapsed="48.206977"/>
</suite>
<status status="PASS" start="2026-07-09T19:47:43.289728" elapsed="48.244140"/>
</suite>
<statistics>
<total>
<stat pass="3" fail="0" skip="0">All Tests</stat>
</total>
<tag>
<stat pass="3" fail="0" skip="0">Positive</stat>
</tag>
<suite>
<stat name="Test" id="s1" pass="3" fail="0" skip="0">Test</stat>
<stat name="testDataCSVRead" id="s1-s1" pass="3" fail="0" skip="0">Test.testDataCSVRead</stat>
</suite>
</statistics>
<errors>
</errors>
</robot>
