<?xml version="1.0" encoding="UTF-8"?>
<robot generator="Robot 7.4.2 (Python 3.14.3 on win32)" generated="2026-07-09T19:51:49.254726" rpa="false" schemaversion="5">
<suite id="s1" name="Test" source="C:\Amit_Tech\Education\VisualStudio_Workspace\Robot_Automation_Projects\RobotAutomationDemo\RobotAutomationDemoProject\test">
<suite id="s1-s1" name="testSeleniumPractice" source="C:\Amit_Tech\Education\VisualStudio_Workspace\Robot_Automation_Projects\RobotAutomationDemo\RobotAutomationDemoProject\test\testSeleniumPractice.robot">
<doc>Test Suite for validate the login here</doc>
<status status="SKIP" start="2026-07-09T19:51:49.372433" elapsed="1.019435"/>
</suite>
<status status="SKIP" start="2026-07-09T19:51:49.260693" elapsed="1.134015"/>
</suite>
<statistics>
<total>
<stat pass="0" fail="0" skip="0">All Tests</stat>
</total>
<tag>
</tag>
<suite>
<stat name="Test" id="s1" pass="0" fail="0" skip="0">Test</stat>
<stat name="testSeleniumPractice" id="s1-s1" pass="0" fail="0" skip="0">Test.testSeleniumPractice</stat>
</suite>
</statistics>
<errors>
</errors>
</robot>
