<?xml version="1.0" encoding="UTF-8"?>
<robot generator="Rebot 7.4.2 (Python 3.14.3 on win32)" generated="2026-07-09T19:52:56.278065" rpa="false" schemaversion="5">
<suite id="s1" name="Test" source="C:\Amit_Tech\Education\VisualStudio_Workspace\Robot_Automation_Projects\RobotAutomationDemo\RobotAutomationDemoProject\test">
<suite id="s1-s1" name="testAuthentication" source="C:\Amit_Tech\Education\VisualStudio_Workspace\Robot_Automation_Projects\RobotAutomationDemo\RobotAutomationDemoProject\test\testAuthentication.robot">
<test id="s1-s1-t1" name="Login user with valid credential" line="19">
<kw name="Open the URL with the login URL" type="SETUP">
<kw name="Open Browser" owner="SeleniumLibrary">
<msg time="2026-07-09T19:46:17.010902" level="INFO">Opening browser 'firefox' to base url 'https://automationpractice.techwithjatin.com/'.</msg>
<arg>${URL}</arg>
<arg>${BROWSER}</arg>
<doc>Opens a new browser instance to the optional ``url``.</doc>
<status status="PASS" start="2026-07-09T19:46:17.010602" elapsed="9.436582"/>
</kw>
<kw name="Maximize Browser Window" owner="SeleniumLibrary">
<doc>Maximizes current browser window.</doc>
<status status="PASS" start="2026-07-09T19:46:26.447596" elapsed="0.368857"/>
</kw>
<kw name="Click Link" owner="SeleniumLibrary">
<msg time="2026-07-09T19:46:26.817311" level="INFO">Clicking link 'xpath://a[normalize-space()='Sign in']'.</msg>
<arg>xpath://a[normalize-space()='Sign in']</arg>
<doc>Clicks a link identified by ``locator``.</doc>
<status status="PASS" start="2026-07-09T19:46:26.816742" elapsed="0.660359"/>
</kw>
<arg>${URL}</arg>
<arg>${BROWSER}</arg>
<status status="PASS" start="2026-07-09T19:46:17.009549" elapsed="10.467750"/>
</kw>
<kw name="Fill Login Form">
<kw name="Input Text" owner="SeleniumLibrary">
<msg time="2026-07-09T19:46:27.478562" level="INFO">Typing text 'labisok230@hidevak.com' into text field 'id:email'.</msg>
<arg>id:email</arg>
<arg>${email}</arg>
<doc>Types the given ``text`` into the text field identified by ``locator``.</doc>
<status status="PASS" start="2026-07-09T19:46:27.478153" elapsed="0.107624"/>
</kw>
<kw name="Input Text" owner="SeleniumLibrary">
<msg time="2026-07-09T19:46:27.586499" level="INFO">Typing text 'Test@123' into text field 'id:passwd'.</msg>
<arg>id:passwd</arg>
<arg>${password}</arg>
<doc>Types the given ``text`` into the text field identified by ``locator``.</doc>
<status status="PASS" start="2026-07-09T19:46:27.586063" elapsed="0.033850"/>
</kw>
<kw name="Click Button" owner="SeleniumLibrary">
<msg time="2026-07-09T19:46:27.620514" level="INFO">Clicking button 'id:SubmitLogin'.</msg>
<arg>id:SubmitLogin</arg>
<doc>Clicks the button identified by ``locator``.</doc>
<status status="PASS" start="2026-07-09T19:46:27.620172" elapsed="0.463301"/>
</kw>
<arg>labisok230@hidevak.com</arg>
<arg>Test@123</arg>
<status status="PASS" start="2026-07-09T19:46:27.477653" elapsed="0.606008"/>
</kw>
<kw name="Validate Successful Login">
<kw name="Wait Until Element Is Visible" owner="SeleniumLibrary">
<arg>${SIGN_OUT_LINK}</arg>
<doc>Waits until the element ``locator`` is visible.</doc>
<status status="PASS" start="2026-07-09T19:46:28.084316" elapsed="0.052883"/>
</kw>
<kw name="Get Text" owner="SeleniumLibrary">
<msg time="2026-07-09T19:46:28.153096" level="INFO">${username} = Amit Sawant</msg>
<var>${username}</var>
<arg>css:a[title='View my customer account'] span</arg>
<doc>Returns the text value of the element identified by ``locator``.</doc>
<status status="PASS" start="2026-07-09T19:46:28.137481" elapsed="0.015689"/>
</kw>
<kw name="Should Be Equal As Strings" owner="BuiltIn">
<arg>${username}</arg>
<arg>Amit Sawant</arg>
<doc>Fails if objects are unequal after converting them to strings.</doc>
<status status="PASS" start="2026-07-09T19:46:28.153414" elapsed="0.000605"/>
</kw>
<kw name="Log To Console" owner="BuiltIn">
<arg>User Name: ${username}</arg>
<doc>Logs the given message to the console.</doc>
<status status="PASS" start="2026-07-09T19:46:28.154235" elapsed="0.000872"/>
</kw>
<status status="PASS" start="2026-07-09T19:46:28.083937" elapsed="0.071417"/>
</kw>
<kw name="Close Browser" owner="SeleniumLibrary" type="TEARDOWN">
<doc>Closes the current browser.</doc>
<status status="PASS" start="2026-07-09T19:46:28.155727" elapsed="4.007089"/>
</kw>
<tag>Positive</tag>
<status status="PASS" start="2026-07-09T19:46:17.008585" elapsed="15.154344"/>
</test>
<test id="s1-s1-t2" name="Login user with invalid credential" line="24">
<kw name="Open the URL with the login URL" type="SETUP">
<kw name="Open Browser" owner="SeleniumLibrary">
<msg time="2026-07-09T19:46:17.012408" level="INFO">Opening browser 'firefox' to base url 'https://automationpractice.techwithjatin.com/'.</msg>
<arg>${URL}</arg>
<arg>${BROWSER}</arg>
<doc>Opens a new browser instance to the optional ``url``.</doc>
<status status="PASS" start="2026-07-09T19:46:17.011344" elapsed="10.708551"/>
</kw>
<kw name="Maximize Browser Window" owner="SeleniumLibrary">
<doc>Maximizes current browser window.</doc>
<status status="PASS" start="2026-07-09T19:46:27.720234" elapsed="0.429008"/>
</kw>
<kw name="Click Link" owner="SeleniumLibrary">
<msg time="2026-07-09T19:46:28.150234" level="INFO">Clicking link 'xpath://a[normalize-space()='Sign in']'.</msg>
<arg>xpath://a[normalize-space()='Sign in']</arg>
<doc>Clicks a link identified by ``locator``.</doc>
<status status="PASS" start="2026-07-09T19:46:28.149566" elapsed="0.686739"/>
</kw>
<arg>${URL}</arg>
<arg>${BROWSER}</arg>
<status status="PASS" start="2026-07-09T19:46:17.010075" elapsed="11.826422"/>
</kw>
<kw name="Fill Login Form">
<kw name="Input Text" owner="SeleniumLibrary">
<msg time="2026-07-09T19:46:28.838104" level="INFO">Typing text 'labisok230@hidevak.com' into text field 'id:email'.</msg>
<arg>id:email</arg>
<arg>${email}</arg>
<doc>Types the given ``text`` into the text field identified by ``locator``.</doc>
<status status="PASS" start="2026-07-09T19:46:28.837406" elapsed="0.068148"/>
</kw>
<kw name="Input Text" owner="SeleniumLibrary">
<msg time="2026-07-09T19:46:28.906351" level="INFO">Typing text 'Test@1234' into text field 'id:passwd'.</msg>
<arg>id:passwd</arg>
<arg>${password}</arg>
<doc>Types the given ``text`` into the text field identified by ``locator``.</doc>
<status status="PASS" start="2026-07-09T19:46:28.905880" elapsed="0.125983"/>
</kw>
<kw name="Click Button" owner="SeleniumLibrary">
<msg time="2026-07-09T19:46:29.032478" level="INFO">Clicking button 'id:SubmitLogin'.</msg>
<arg>id:SubmitLogin</arg>
<doc>Clicks the button identified by ``locator``.</doc>
<status status="PASS" start="2026-07-09T19:46:29.032146" elapsed="0.264860"/>
</kw>
<arg>labisok230@hidevak.com</arg>
<arg>Test@1234</arg>
<status status="PASS" start="2026-07-09T19:46:28.836869" elapsed="0.460339"/>
</kw>
<kw name="Validate Invalid Login">
<kw name="Wait Until Element Is Visible" owner="SeleniumLibrary">
<arg>${INVALID_ERROR_MESSAGE}</arg>
<doc>Waits until the element ``locator`` is visible.</doc>
<status status="PASS" start="2026-07-09T19:46:29.297967" elapsed="0.023156"/>
</kw>
<kw name="Get Text" owner="SeleniumLibrary">
<msg time="2026-07-09T19:46:29.339087" level="INFO">${error} = Authentication failed.</msg>
<var>${error}</var>
<arg>${INVALID_ERROR_MESSAGE}</arg>
<doc>Returns the text value of the element identified by ``locator``.</doc>
<status status="PASS" start="2026-07-09T19:46:29.321630" elapsed="0.017540"/>
</kw>
<kw name="Should Be Equal As Strings" owner="BuiltIn">
<arg>${error}</arg>
<arg>Authentication failed.</arg>
<doc>Fails if objects are unequal after converting them to strings.</doc>
<status status="PASS" start="2026-07-09T19:46:29.339508" elapsed="0.000640"/>
</kw>
<kw name="Element Text Should Be" owner="SeleniumLibrary">
<msg time="2026-07-09T19:46:29.344499" level="INFO">Verifying element 'xpath://li[normalize-space()='Authentication failed.']' contains exact text 'Authentication failed.'.</msg>
<arg>${INVALID_ERROR_MESSAGE}</arg>
<arg>Authentication failed.</arg>
<doc>Verifies that element ``locator`` contains exact the text ``expected``.</doc>
<status status="PASS" start="2026-07-09T19:46:29.340418" elapsed="0.018499"/>
</kw>
<kw name="Log To Console" owner="BuiltIn">
<arg>Error: ${error}</arg>
<doc>Logs the given message to the console.</doc>
<status status="PASS" start="2026-07-09T19:46:29.359185" elapsed="0.000590"/>
</kw>
<status status="PASS" start="2026-07-09T19:46:29.297547" elapsed="0.062380"/>
</kw>
<kw name="Close Browser" owner="SeleniumLibrary" type="TEARDOWN">
<doc>Closes the current browser.</doc>
<status status="PASS" start="2026-07-09T19:46:29.360239" elapsed="4.284221"/>
</kw>
<tag>Positive</tag>
<status status="PASS" start="2026-07-09T19:46:17.009031" elapsed="16.635692"/>
</test>
<doc>Test Suite for validate the login here</doc>
<status status="PASS" start="2026-07-09T19:46:16.496000" elapsed="17.149000"/>
</suite>
<suite id="s1-s2" name="testCustomLibrary" source="C:\Amit_Tech\Education\VisualStudio_Workspace\Robot_Automation_Projects\RobotAutomationDemo\RobotAutomationDemoProject\test\testCustomLibrary.robot">
<kw name="Initial Setup" owner="Generic" type="SETUP">
<kw name="Prepare Screenshot Directory" owner="Generic">
<kw name="Set Screenshot Directory" owner="SeleniumLibrary">
<arg>${SCREENSHOT_DIR}</arg>
<doc>Sets the directory for captured screenshots.</doc>
<status status="PASS" start="2026-07-09T19:46:33.504391" elapsed="0.000382"/>
</kw>
<kw name="Log To Console" owner="BuiltIn">
<arg>Screenshot directory: ${SCREENSHOT_DIR}</arg>
<doc>Logs the given message to the console.</doc>
<status status="PASS" start="2026-07-09T19:46:33.504963" elapsed="0.000410"/>
</kw>
<kw name="Delete Old Screenshots" owner="Generic">
<kw name="Run Keyword And Ignore Error" owner="BuiltIn">
<kw name="Remove Files" owner="OperatingSystem">
<msg time="2026-07-09T19:46:33.506510" level="INFO" html="true">File '&lt;a href="file://C:\Amit_Tech\Education\VisualStudio_Workspace\Robot_Automation_Projects\RobotAutomationDemo\RobotAutomationDemoProject\screenshots\*.png"&gt;C:\Amit_Tech\Education\VisualStudio_Workspace\Robot_Automation_Projects\RobotAutomationDemo\RobotAutomationDemoProject\screenshots\*.png&lt;/a&gt;' does not exist.</msg>
<arg>${SCREENSHOT_DIR}${/}*.png</arg>
<doc>Uses `Remove File` to remove multiple files one-by-one.</doc>
<status status="PASS" start="2026-07-09T19:46:33.506042" elapsed="0.000546"/>
</kw>
<arg>Remove Files</arg>
<arg>${SCREENSHOT_DIR}${/}*.png</arg>
<doc>Runs the given keyword with the given arguments and ignores possible error.</doc>
<status status="PASS" start="2026-07-09T19:46:33.505711" elapsed="0.000940"/>
</kw>
<status status="PASS" start="2026-07-09T19:46:33.505543" elapsed="0.001172"/>
</kw>
<status status="PASS" start="2026-07-09T19:46:33.502926" elapsed="0.003838"/>
</kw>
<kw name="Delete Old Screenshots" owner="Generic">
<kw name="Run Keyword And Ignore Error" owner="BuiltIn">
<kw name="Remove Files" owner="OperatingSystem">
<msg time="2026-07-09T19:46:33.507589" level="INFO" html="true">File '&lt;a href="file://C:\Amit_Tech\Education\VisualStudio_Workspace\Robot_Automation_Projects\RobotAutomationDemo\RobotAutomationDemoProject\screenshots\*.png"&gt;C:\Amit_Tech\Education\VisualStudio_Workspace\Robot_Automation_Projects\RobotAutomationDemo\RobotAutomationDemoProject\screenshots\*.png&lt;/a&gt;' does not exist.</msg>
<arg>${SCREENSHOT_DIR}${/}*.png</arg>
<doc>Uses `Remove File` to remove multiple files one-by-one.</doc>
<status status="PASS" start="2026-07-09T19:46:33.507277" elapsed="0.000370"/>
</kw>
<arg>Remove Files</arg>
<arg>${SCREENSHOT_DIR}${/}*.png</arg>
<doc>Runs the given keyword with the given arguments and ignores possible error.</doc>
<status status="PASS" start="2026-07-09T19:46:33.507027" elapsed="0.000671"/>
</kw>
<status status="PASS" start="2026-07-09T19:46:33.506876" elapsed="0.000870"/>
</kw>
<status status="PASS" start="2026-07-09T19:46:33.502015" elapsed="0.005771"/>
</kw>
<test id="s1-s2-t1" name="Validate Cards display in the Shopping Page" line="28">
<kw name="Open the URL with the login URL" owner="Generic" type="SETUP">
<kw name="Convert To Lower Case" owner="String">
<msg time="2026-07-09T19:46:33.508806" level="INFO">${browser} = firefox</msg>
<var>${browser}</var>
<arg>${BROWSER}</arg>
<doc>Converts string to lower case.</doc>
<status status="PASS" start="2026-07-09T19:46:33.508639" elapsed="0.000193"/>
</kw>
<if>
<branch type="IF" condition="'${browser}' == 'chrome'">
<kw name="Evaluate" owner="BuiltIn">
<var>${options}</var>
<arg>sys.modules['selenium.webdriver'].ChromeOptions()</arg>
<arg>sys, selenium.webdriver</arg>
<doc>Evaluates the given expression in Python and returns the result.</doc>
<status status="NOT RUN" start="2026-07-09T19:46:33.509119" elapsed="0.000025"/>
</kw>
<kw name="Create Dictionary" owner="BuiltIn">
<var>${prefs}</var>
<arg>credentials_enable_service=${False}</arg>
<arg>profile.password_manager_enabled=${False}</arg>
<arg>profile.password_manager_leak_detection=${False}</arg>
<doc>Creates and returns a dictionary based on the given ``items``.</doc>
<status status="NOT RUN" start="2026-07-09T19:46:33.509238" elapsed="0.000022"/>
</kw>
<kw name="Call Method" owner="BuiltIn">
<arg>${options}</arg>
<arg>add_experimental_option</arg>
<arg>prefs</arg>
<arg>${prefs}</arg>
<doc>Calls the named method of the given object with the provided arguments.</doc>
<status status="NOT RUN" start="2026-07-09T19:46:33.509339" elapsed="0.000019"/>
</kw>
<kw name="Create Webdriver" owner="SeleniumLibrary">
<arg>Chrome</arg>
<arg>options=${options}</arg>
<doc>Creates an instance of Selenium WebDriver.</doc>
<status status="NOT RUN" start="2026-07-09T19:46:33.509457" elapsed="0.000023"/>
</kw>
<status status="NOT RUN" start="2026-07-09T19:46:33.508925" elapsed="0.000588"/>
</branch>
<branch type="ELSE IF" condition="'${browser}' == 'edge'">
<kw name="Evaluate" owner="BuiltIn">
<var>${options}</var>
<arg>sys.modules['selenium.webdriver'].EdgeOptions()</arg>
<arg>sys, selenium.webdriver</arg>
<doc>Evaluates the given expression in Python and returns the result.</doc>
<status status="NOT RUN" start="2026-07-09T19:46:33.509710" elapsed="0.000022"/>
</kw>
<kw name="Create Webdriver" owner="SeleniumLibrary">
<arg>Edge</arg>
<arg>options=${options}</arg>
<doc>Creates an instance of Selenium WebDriver.</doc>
<status status="NOT RUN" start="2026-07-09T19:46:33.509815" elapsed="0.000019"/>
</kw>
<status status="NOT RUN" start="2026-07-09T19:46:33.509555" elapsed="0.000309"/>
</branch>
<branch type="ELSE IF" condition="'${browser}' == 'firefox'">
<kw name="Evaluate" owner="BuiltIn">
<msg time="2026-07-09T19:46:33.511950" level="INFO">${options} = &lt;selenium.webdriver.firefox.options.Options object at 0x000002A739149FD0&gt;</msg>
<var>${options}</var>
<arg>sys.modules['selenium.webdriver'].FirefoxOptions()</arg>
<arg>sys, selenium.webdriver</arg>
<doc>Evaluates the given expression in Python and returns the result.</doc>
<status status="PASS" start="2026-07-09T19:46:33.510019" elapsed="0.001967"/>
</kw>
<kw name="Create Webdriver" owner="SeleniumLibrary">
<msg time="2026-07-09T19:46:33.524458" level="INFO">Creating an instance of the Firefox WebDriver.</msg>
<arg>Firefox</arg>
<arg>options=${options}</arg>
<doc>Creates an instance of Selenium WebDriver.</doc>
<status status="PASS" start="2026-07-09T19:46:33.512111" elapsed="6.150474"/>
</kw>
<status status="PASS" start="2026-07-09T19:46:33.509896" elapsed="6.152874"/>
</branch>
<branch type="ELSE">
<kw name="Fail" owner="BuiltIn">
<arg>Unsupported browser: ${BROWSER}</arg>
<doc>Fails the test with the given message and optionally alters its tags.</doc>
<status status="NOT RUN" start="2026-07-09T19:46:39.663085" elapsed="0.000063"/>
</kw>
<status status="NOT RUN" start="2026-07-09T19:46:39.662863" elapsed="0.000367"/>
</branch>
<status status="PASS" start="2026-07-09T19:46:33.508900" elapsed="6.154396"/>
</if>
<kw name="Go To" owner="SeleniumLibrary">
<msg time="2026-07-09T19:46:39.663873" level="INFO">Opening url 'https://rahulshettyacademy.com/loginpagePractise/'</msg>
<arg>${URL}</arg>
<doc>Navigates the current browser window to the provided ``url``.</doc>
<status status="PASS" start="2026-07-09T19:46:39.663534" elapsed="0.616895"/>
</kw>
<kw name="Maximize Browser Window" owner="SeleniumLibrary">
<doc>Maximizes current browser window.</doc>
<status status="PASS" start="2026-07-09T19:46:40.280797" elapsed="0.426129"/>
</kw>
<arg>${URL}</arg>
<arg>${BROWSER}</arg>
<status status="PASS" start="2026-07-09T19:46:33.508359" elapsed="7.198856"/>
</kw>
<kw name="Fill the login Form">
<kw name="Input Text" owner="SeleniumLibrary">
<msg time="2026-07-09T19:46:40.709919" level="INFO">Typing text 'rahulshettyacademy' into text field 'id:username'.</msg>
<arg>id:username</arg>
<arg>${email}</arg>
<doc>Types the given ``text`` into the text field identified by ``locator``.</doc>
<status status="PASS" start="2026-07-09T19:46:40.708818" elapsed="0.520536"/>
</kw>
<kw name="Input Text" owner="SeleniumLibrary">
<msg time="2026-07-09T19:46:41.230516" level="INFO">Typing text 'Learning@830$3mK2' into text field 'id:password'.</msg>
<arg>id:password</arg>
<arg>${password}</arg>
<doc>Types the given ``text`` into the text field identified by ``locator``.</doc>
<status status="PASS" start="2026-07-09T19:46:41.229813" elapsed="0.282459"/>
</kw>
<kw name="Click Button" owner="SeleniumLibrary">
<msg time="2026-07-09T19:46:41.513287" level="INFO">Clicking button 'signInBtn'.</msg>
<arg>signInBtn</arg>
<doc>Clicks the button identified by ``locator``.</doc>
<status status="PASS" start="2026-07-09T19:46:41.512714" elapsed="0.500255"/>
</kw>
<arg>${USERNAME}</arg>
<arg>${PASSWORD}</arg>
<status status="PASS" start="2026-07-09T19:46:40.707791" elapsed="1.305489"/>
</kw>
<kw name="wait until Element is located in the page">
<kw name="Wait Until Element Is Visible" owner="SeleniumLibrary">
<arg>${SHOP_PAGE_LOAD}</arg>
<doc>Waits until the element ``locator`` is visible.</doc>
<status status="PASS" start="2026-07-09T19:46:42.015017" elapsed="2.293061"/>
</kw>
<arg>${SHOP_PAGE_LOAD}</arg>
<status status="PASS" start="2026-07-09T19:46:42.013900" elapsed="2.294464"/>
</kw>
<kw name="Verify Card titles in the Shop page">
<kw name="Create List" owner="BuiltIn">
<msg time="2026-07-09T19:46:44.310419" level="INFO">@{expectedList} = [ iphone X | Samsung Note 8 | Nokia Edge | Blackberry ]</msg>
<var>@{expectedList}</var>
<arg>iphone X</arg>
<arg>Samsung Note 8</arg>
<arg>Nokia Edge</arg>
<arg>Blackberry</arg>
<doc>Returns a list containing given items.</doc>
<status status="PASS" start="2026-07-09T19:46:44.309550" elapsed="0.000958"/>
</kw>
<kw name="Get WebElements" owner="SeleniumLibrary">
<msg time="2026-07-09T19:46:44.324395" level="INFO">${elements} = [&lt;selenium.webdriver.remote.webelement.WebElement (session="c918d782-c207-4c16-a712-f72800b837aa", element="e2aab3a8-622b-4fae-aa4e-1e05e728969c")&gt;, &lt;selenium.webdriver.remote.webelement.WebElement (s...</msg>
<var>${elements}</var>
<arg>css:.card-title</arg>
<doc>Returns a list of WebElement objects matching the ``locator``.</doc>
<status status="PASS" start="2026-07-09T19:46:44.310854" elapsed="0.013660"/>
</kw>
<kw name="Create List" owner="BuiltIn">
<msg time="2026-07-09T19:46:44.325589" level="INFO">@{actualList} = [ ]</msg>
<var>@{actualList}</var>
<doc>Returns a list containing given items.</doc>
<status status="PASS" start="2026-07-09T19:46:44.324887" elapsed="0.000786"/>
</kw>
<for flavor="IN">
<iter>
<kw name="Log To Console" owner="BuiltIn">
<arg>${element.text}</arg>
<doc>Logs the given message to the console.</doc>
<status status="PASS" start="2026-07-09T19:46:44.326643" elapsed="0.050849"/>
</kw>
<kw name="Log" owner="BuiltIn">
<msg time="2026-07-09T19:46:44.402698" level="INFO">iphone X</msg>
<arg>${element.text}</arg>
<doc>Logs the given message with the given level.</doc>
<status status="PASS" start="2026-07-09T19:46:44.377912" elapsed="0.024973"/>
</kw>
<kw name="Append To List" owner="Collections">
<arg>${actualList}</arg>
<arg>${element.text}</arg>
<doc>Adds ``values`` to the end of ``list``.</doc>
<status status="PASS" start="2026-07-09T19:46:44.403282" elapsed="0.025514"/>
</kw>
<var name="${element}">&lt;selenium.webdriver.remote.webelement.WebElement (session="c918d782-c207-4c16-a712-f72800b837aa", element="e2aab3a8-622b-4fae-aa4e-1e05e728969c")&gt;</var>
<status status="PASS" start="2026-07-09T19:46:44.326372" elapsed="0.102634"/>
</iter>
<iter>
<kw name="Log To Console" owner="BuiltIn">
<arg>${element.text}</arg>
<doc>Logs the given message to the console.</doc>
<status status="PASS" start="2026-07-09T19:46:44.430080" elapsed="0.081060"/>
</kw>
<kw name="Log" owner="BuiltIn">
<msg time="2026-07-09T19:46:44.550032" level="INFO">Samsung Note 8</msg>
<arg>${element.text}</arg>
<doc>Logs the given message with the given level.</doc>
<status status="PASS" start="2026-07-09T19:46:44.511564" elapsed="0.038654"/>
</kw>
<kw name="Append To List" owner="Collections">
<arg>${actualList}</arg>
<arg>${element.text}</arg>
<doc>Adds ``values`` to the end of ``list``.</doc>
<status status="PASS" start="2026-07-09T19:46:44.550582" elapsed="0.073110"/>
</kw>
<var name="${element}">&lt;selenium.webdriver.remote.webelement.WebElement (session="c918d782-c207-4c16-a712-f72800b837aa", element="920c8462-67db-46fc-b514-799015d9fb23")&gt;</var>
<status status="PASS" start="2026-07-09T19:46:44.429717" elapsed="0.194201"/>
</iter>
<iter>
<kw name="Log To Console" owner="BuiltIn">
<arg>${element.text}</arg>
<doc>Logs the given message to the console.</doc>
<status status="PASS" start="2026-07-09T19:46:44.624658" elapsed="0.048358"/>
</kw>
<kw name="Log" owner="BuiltIn">
<msg time="2026-07-09T19:46:44.823867" level="INFO">Nokia Edge</msg>
<arg>${element.text}</arg>
<doc>Logs the given message with the given level.</doc>
<status status="PASS" start="2026-07-09T19:46:44.673435" elapsed="0.150611"/>
</kw>
<kw name="Append To List" owner="Collections">
<arg>${actualList}</arg>
<arg>${element.text}</arg>
<doc>Adds ``values`` to the end of ``list``.</doc>
<status status="PASS" start="2026-07-09T19:46:44.824444" elapsed="0.043550"/>
</kw>
<var name="${element}">&lt;selenium.webdriver.remote.webelement.WebElement (session="c918d782-c207-4c16-a712-f72800b837aa", element="d3c08424-ef0d-4dc0-82af-a07f612e1239")&gt;</var>
<status status="PASS" start="2026-07-09T19:46:44.624349" elapsed="0.243861"/>
</iter>
<iter>
<kw name="Log To Console" owner="BuiltIn">
<arg>${element.text}</arg>
<doc>Logs the given message to the console.</doc>
<status status="PASS" start="2026-07-09T19:46:44.868931" elapsed="0.062571"/>
</kw>
<kw name="Log" owner="BuiltIn">
<msg time="2026-07-09T19:46:44.964789" level="INFO">Blackberry</msg>
<arg>${element.text}</arg>
<doc>Logs the given message with the given level.</doc>
<status status="PASS" start="2026-07-09T19:46:44.931966" elapsed="0.033008"/>
</kw>
<kw name="Append To List" owner="Collections">
<arg>${actualList}</arg>
<arg>${element.text}</arg>
<doc>Adds ``values`` to the end of ``list``.</doc>
<status status="PASS" start="2026-07-09T19:46:44.965365" elapsed="0.065913"/>
</kw>
<var name="${element}">&lt;selenium.webdriver.remote.webelement.WebElement (session="c918d782-c207-4c16-a712-f72800b837aa", element="f1125cc2-db79-4c1b-ab54-1df8f976f52f")&gt;</var>
<status status="PASS" start="2026-07-09T19:46:44.868613" elapsed="0.162878"/>
</iter>
<var>${element}</var>
<value>@{elements}</value>
<status status="PASS" start="2026-07-09T19:46:44.325904" elapsed="0.705769"/>
</for>
<kw name="Lists Should Be Equal" owner="Collections">
<arg>${expectedList}</arg>
<arg>${actualList}</arg>
<doc>Fails if given lists are unequal.</doc>
<status status="PASS" start="2026-07-09T19:46:45.032075" elapsed="0.001115"/>
</kw>
<status status="PASS" start="2026-07-09T19:46:44.308894" elapsed="0.724629"/>
</kw>
<kw name="Hello World" owner="Shop">
<msg time="2026-07-09T19:46:45.034502" level="INFO">hello</msg>
<status status="PASS" start="2026-07-09T19:46:45.034087" elapsed="0.000565"/>
</kw>
<kw name="Add Items To Cart And Checkout" owner="Shop">
<msg time="2026-07-09T19:46:45.184151" level="INFO">Clicking button 'xpath:(//*[@class='card-footer'])[1]/button'.</msg>
<msg time="2026-07-09T19:46:45.364918" level="INFO">Clicking button 'xpath:(//*[@class='card-footer'])[2]/button'.</msg>
<msg time="2026-07-09T19:46:45.456084" level="INFO">Clicking link 'css:li.active a'.</msg>
<arg>${listofProducts}</arg>
<status status="PASS" start="2026-07-09T19:46:45.035088" elapsed="2.670157"/>
</kw>
<kw name="Close Browser" owner="SeleniumLibrary" type="TEARDOWN">
<doc>Closes the current browser.</doc>
<status status="PASS" start="2026-07-09T19:46:47.705880" elapsed="3.566567"/>
</kw>
<tag>SANITY</tag>
<status status="PASS" start="2026-07-09T19:46:33.507845" elapsed="17.764768"/>
</test>
<doc>Test Suite for validate the login here</doc>
<status status="PASS" start="2026-07-09T19:46:33.074371" elapsed="18.198822"/>
</suite>
<suite id="s1-s3" name="testDataDriven" source="C:\Amit_Tech\Education\VisualStudio_Workspace\Robot_Automation_Projects\RobotAutomationDemo\RobotAutomationDemoProject\test\testDataDriven.robot">
<kw name="Initial Setup" owner="Generic" type="SETUP">
<kw name="Prepare Screenshot Directory" owner="Generic">
<kw name="Set Screenshot Directory" owner="SeleniumLibrary">
<arg>${SCREENSHOT_DIR}</arg>
<doc>Sets the directory for captured screenshots.</doc>
<status status="PASS" start="2026-07-09T19:46:36.166174" elapsed="0.000311"/>
</kw>
<kw name="Log To Console" owner="BuiltIn">
<arg>Screenshot directory: ${SCREENSHOT_DIR}</arg>
<doc>Logs the given message to the console.</doc>
<status status="PASS" start="2026-07-09T19:46:36.166647" elapsed="0.000539"/>
</kw>
<kw name="Delete Old Screenshots" owner="Generic">
<kw name="Run Keyword And Ignore Error" owner="BuiltIn">
<kw name="Remove Files" owner="OperatingSystem">
<msg time="2026-07-09T19:46:36.169066" level="INFO" html="true">File '&lt;a href="file://C:\Amit_Tech\Education\VisualStudio_Workspace\Robot_Automation_Projects\RobotAutomationDemo\RobotAutomationDemoProject\screenshots\*.png"&gt;C:\Amit_Tech\Education\VisualStudio_Workspace\Robot_Automation_Projects\RobotAutomationDemo\RobotAutomationDemoProject\screenshots\*.png&lt;/a&gt;' does not exist.</msg>
<arg>${SCREENSHOT_DIR}${/}*.png</arg>
<doc>Uses `Remove File` to remove multiple files one-by-one.</doc>
<status status="PASS" start="2026-07-09T19:46:36.168412" elapsed="0.000736"/>
</kw>
<arg>Remove Files</arg>
<arg>${SCREENSHOT_DIR}${/}*.png</arg>
<doc>Runs the given keyword with the given arguments and ignores possible error.</doc>
<status status="PASS" start="2026-07-09T19:46:36.167993" elapsed="0.001223"/>
</kw>
<status status="PASS" start="2026-07-09T19:46:36.167565" elapsed="0.001725"/>
</kw>
<status status="PASS" start="2026-07-09T19:46:36.165452" elapsed="0.003889"/>
</kw>
<kw name="Delete Old Screenshots" owner="Generic">
<kw name="Run Keyword And Ignore Error" owner="BuiltIn">
<kw name="Remove Files" owner="OperatingSystem">
<msg time="2026-07-09T19:46:36.170252" level="INFO" html="true">File '&lt;a href="file://C:\Amit_Tech\Education\VisualStudio_Workspace\Robot_Automation_Projects\RobotAutomationDemo\RobotAutomationDemoProject\screenshots\*.png"&gt;C:\Amit_Tech\Education\VisualStudio_Workspace\Robot_Automation_Projects\RobotAutomationDemo\RobotAutomationDemoProject\screenshots\*.png&lt;/a&gt;' does not exist.</msg>
<arg>${SCREENSHOT_DIR}${/}*.png</arg>
<doc>Uses `Remove File` to remove multiple files one-by-one.</doc>
<status status="PASS" start="2026-07-09T19:46:36.169916" elapsed="0.000411"/>
</kw>
<arg>Remove Files</arg>
<arg>${SCREENSHOT_DIR}${/}*.png</arg>
<doc>Runs the given keyword with the given arguments and ignores possible error.</doc>
<status status="PASS" start="2026-07-09T19:46:36.169643" elapsed="0.000743"/>
</kw>
<status status="PASS" start="2026-07-09T19:46:36.169473" elapsed="0.000965"/>
</kw>
<kw name="Prepare Screenshot Directory" owner="Generic">
<kw name="Set Screenshot Directory" owner="SeleniumLibrary">
<arg>${SCREENSHOT_DIR}</arg>
<doc>Sets the directory for captured screenshots.</doc>
<status status="PASS" start="2026-07-09T19:46:52.793682" elapsed="0.000354"/>
</kw>
<kw name="Log To Console" owner="BuiltIn">
<arg>Screenshot directory: ${SCREENSHOT_DIR}</arg>
<doc>Logs the given message to the console.</doc>
<status status="PASS" start="2026-07-09T19:46:52.794228" elapsed="0.000423"/>
</kw>
<kw name="Delete Old Screenshots" owner="Generic">
<kw name="Run Keyword And Ignore Error" owner="BuiltIn">
<kw name="Remove Files" owner="OperatingSystem">
<msg time="2026-07-09T19:46:52.796511" level="INFO" html="true">File '&lt;a href="file://C:\Amit_Tech\Education\VisualStudio_Workspace\Robot_Automation_Projects\RobotAutomationDemo\RobotAutomationDemoProject\screenshots\*.png"&gt;C:\Amit_Tech\Education\VisualStudio_Workspace\Robot_Automation_Projects\RobotAutomationDemo\RobotAutomationDemoProject\screenshots\*.png&lt;/a&gt;' does not exist.</msg>
<arg>${SCREENSHOT_DIR}${/}*.png</arg>
<doc>Uses `Remove File` to remove multiple files one-by-one.</doc>
<status status="PASS" start="2026-07-09T19:46:52.795778" elapsed="0.000898"/>
</kw>
<arg>Remove Files</arg>
<arg>${SCREENSHOT_DIR}${/}*.png</arg>
<doc>Runs the given keyword with the given arguments and ignores possible error.</doc>
<status status="PASS" start="2026-07-09T19:46:52.795196" elapsed="0.001579"/>
</kw>
<status status="PASS" start="2026-07-09T19:46:52.794836" elapsed="0.002019"/>
</kw>
<status status="PASS" start="2026-07-09T19:46:52.792485" elapsed="0.004425"/>
</kw>
<kw name="Delete Old Screenshots" owner="Generic">
<kw name="Run Keyword And Ignore Error" owner="BuiltIn">
<kw name="Remove Files" owner="OperatingSystem">
<msg time="2026-07-09T19:46:52.797867" level="INFO" html="true">File '&lt;a href="file://C:\Amit_Tech\Education\VisualStudio_Workspace\Robot_Automation_Projects\RobotAutomationDemo\RobotAutomationDemoProject\screenshots\*.png"&gt;C:\Amit_Tech\Education\VisualStudio_Workspace\Robot_Automation_Projects\RobotAutomationDemo\RobotAutomationDemoProject\screenshots\*.png&lt;/a&gt;' does not exist.</msg>
<arg>${SCREENSHOT_DIR}${/}*.png</arg>
<doc>Uses `Remove File` to remove multiple files one-by-one.</doc>
<status status="PASS" start="2026-07-09T19:46:52.797515" elapsed="0.000439"/>
</kw>
<arg>Remove Files</arg>
<arg>${SCREENSHOT_DIR}${/}*.png</arg>
<doc>Runs the given keyword with the given arguments and ignores possible error.</doc>
<status status="PASS" start="2026-07-09T19:46:52.797232" elapsed="0.000785"/>
</kw>
<status status="PASS" start="2026-07-09T19:46:52.797046" elapsed="0.001026"/>
</kw>
<kw name="Prepare Screenshot Directory" owner="Generic">
<kw name="Set Screenshot Directory" owner="SeleniumLibrary">
<arg>${SCREENSHOT_DIR}</arg>
<doc>Sets the directory for captured screenshots.</doc>
<status status="PASS" start="2026-07-09T19:46:53.620639" elapsed="0.000267"/>
</kw>
<kw name="Log To Console" owner="BuiltIn">
<arg>Screenshot directory: ${SCREENSHOT_DIR}</arg>
<doc>Logs the given message to the console.</doc>
<status status="PASS" start="2026-07-09T19:46:53.621059" elapsed="0.000315"/>
</kw>
<kw name="Delete Old Screenshots" owner="Generic">
<kw name="Run Keyword And Ignore Error" owner="BuiltIn">
<kw name="Remove Files" owner="OperatingSystem">
<msg time="2026-07-09T19:46:53.622352" level="INFO" html="true">File '&lt;a href="file://C:\Amit_Tech\Education\VisualStudio_Workspace\Robot_Automation_Projects\RobotAutomationDemo\RobotAutomationDemoProject\screenshots\*.png"&gt;C:\Amit_Tech\Education\VisualStudio_Workspace\Robot_Automation_Projects\RobotAutomationDemo\RobotAutomationDemoProject\screenshots\*.png&lt;/a&gt;' does not exist.</msg>
<arg>${SCREENSHOT_DIR}${/}*.png</arg>
<doc>Uses `Remove File` to remove multiple files one-by-one.</doc>
<status status="PASS" start="2026-07-09T19:46:53.621938" elapsed="0.000492"/>
</kw>
<arg>Remove Files</arg>
<arg>${SCREENSHOT_DIR}${/}*.png</arg>
<doc>Runs the given keyword with the given arguments and ignores possible error.</doc>
<status status="PASS" start="2026-07-09T19:46:53.621655" elapsed="0.000833"/>
</kw>
<status status="PASS" start="2026-07-09T19:46:53.621508" elapsed="0.001042"/>
</kw>
<status status="PASS" start="2026-07-09T19:46:53.619977" elapsed="0.002619"/>
</kw>
<kw name="Delete Old Screenshots" owner="Generic">
<kw name="Run Keyword And Ignore Error" owner="BuiltIn">
<kw name="Remove Files" owner="OperatingSystem">
<msg time="2026-07-09T19:46:53.623541" level="INFO" html="true">File '&lt;a href="file://C:\Amit_Tech\Education\VisualStudio_Workspace\Robot_Automation_Projects\RobotAutomationDemo\RobotAutomationDemoProject\screenshots\*.png"&gt;C:\Amit_Tech\Education\VisualStudio_Workspace\Robot_Automation_Projects\RobotAutomationDemo\RobotAutomationDemoProject\screenshots\*.png&lt;/a&gt;' does not exist.</msg>
<arg>${SCREENSHOT_DIR}${/}*.png</arg>
<doc>Uses `Remove File` to remove multiple files one-by-one.</doc>
<status status="PASS" start="2026-07-09T19:46:53.623210" elapsed="0.000410"/>
</kw>
<arg>Remove Files</arg>
<arg>${SCREENSHOT_DIR}${/}*.png</arg>
<doc>Runs the given keyword with the given arguments and ignores possible error.</doc>
<status status="PASS" start="2026-07-09T19:46:53.622941" elapsed="0.000743"/>
</kw>
<status status="PASS" start="2026-07-09T19:46:53.622759" elapsed="0.000976"/>
</kw>
<status status="PASS" start="2026-07-09T19:46:36.165164" elapsed="0.005313"/>
</kw>
<test id="s1-s3-t1" name="Invalid username" line="21">
<kw name="Open the URL with the login URL" owner="Generic" type="SETUP">
<kw name="Convert To Lower Case" owner="String">
<msg time="2026-07-09T19:46:36.171545" level="INFO">${browser} = firefox</msg>
<var>${browser}</var>
<arg>${BROWSER}</arg>
<doc>Converts string to lower case.</doc>
<status status="PASS" start="2026-07-09T19:46:36.171366" elapsed="0.000208"/>
</kw>
<if>
<branch type="IF" condition="'${browser}' == 'chrome'">
<kw name="Evaluate" owner="BuiltIn">
<var>${options}</var>
<arg>sys.modules['selenium.webdriver'].ChromeOptions()</arg>
<arg>sys, selenium.webdriver</arg>
<doc>Evaluates the given expression in Python and returns the result.</doc>
<status status="NOT RUN" start="2026-07-09T19:46:36.171878" elapsed="0.000026"/>
</kw>
<kw name="Create Dictionary" owner="BuiltIn">
<var>${prefs}</var>
<arg>credentials_enable_service=${False}</arg>
<arg>profile.password_manager_enabled=${False}</arg>
<arg>profile.password_manager_leak_detection=${False}</arg>
<doc>Creates and returns a dictionary based on the given ``items``.</doc>
<status status="NOT RUN" start="2026-07-09T19:46:36.171996" elapsed="0.000023"/>
</kw>
<kw name="Call Method" owner="BuiltIn">
<arg>${options}</arg>
<arg>add_experimental_option</arg>
<arg>prefs</arg>
<arg>${prefs}</arg>
<doc>Calls the named method of the given object with the provided arguments.</doc>
<status status="NOT RUN" start="2026-07-09T19:46:36.172096" elapsed="0.000020"/>
</kw>
<kw name="Create Webdriver" owner="SeleniumLibrary">
<arg>Chrome</arg>
<arg>options=${options}</arg>
<doc>Creates an instance of Selenium WebDriver.</doc>
<status status="NOT RUN" start="2026-07-09T19:46:36.172201" elapsed="0.000021"/>
</kw>
<status status="NOT RUN" start="2026-07-09T19:46:36.171671" elapsed="0.000585"/>
</branch>
<branch type="ELSE IF" condition="'${browser}' == 'edge'">
<kw name="Evaluate" owner="BuiltIn">
<var>${options}</var>
<arg>sys.modules['selenium.webdriver'].EdgeOptions()</arg>
<arg>sys, selenium.webdriver</arg>
<doc>Evaluates the given expression in Python and returns the result.</doc>
<status status="NOT RUN" start="2026-07-09T19:46:36.172448" elapsed="0.000021"/>
</kw>
<kw name="Create Webdriver" owner="SeleniumLibrary">
<arg>Edge</arg>
<arg>options=${options}</arg>
<doc>Creates an instance of Selenium WebDriver.</doc>
<status status="NOT RUN" start="2026-07-09T19:46:36.172550" elapsed="0.000019"/>
</kw>
<status status="NOT RUN" start="2026-07-09T19:46:36.172298" elapsed="0.000301"/>
</branch>
<branch type="ELSE IF" condition="'${browser}' == 'firefox'">
<kw name="Evaluate" owner="BuiltIn">
<msg time="2026-07-09T19:46:36.175078" level="INFO">${options} = &lt;selenium.webdriver.firefox.options.Options object at 0x000002069BD3D6A0&gt;</msg>
<var>${options}</var>
<arg>sys.modules['selenium.webdriver'].FirefoxOptions()</arg>
<arg>sys, selenium.webdriver</arg>
<doc>Evaluates the given expression in Python and returns the result.</doc>
<status status="PASS" start="2026-07-09T19:46:36.172759" elapsed="0.002360"/>
</kw>
<kw name="Create Webdriver" owner="SeleniumLibrary">
<msg time="2026-07-09T19:46:36.182791" level="INFO">Creating an instance of the Firefox WebDriver.</msg>
<arg>Firefox</arg>
<arg>options=${options}</arg>
<doc>Creates an instance of Selenium WebDriver.</doc>
<status status="PASS" start="2026-07-09T19:46:36.175258" elapsed="9.290070"/>
</kw>
<status status="PASS" start="2026-07-09T19:46:36.172633" elapsed="9.293270"/>
</branch>
<branch type="ELSE">
<kw name="Fail" owner="BuiltIn">
<arg>Unsupported browser: ${BROWSER}</arg>
<doc>Fails the test with the given message and optionally alters its tags.</doc>
<status status="NOT RUN" start="2026-07-09T19:46:45.466613" elapsed="0.000127"/>
</kw>
<status status="NOT RUN" start="2026-07-09T19:46:45.466129" elapsed="0.000766"/>
</branch>
<status status="PASS" start="2026-07-09T19:46:36.171644" elapsed="9.295381"/>
</if>
<kw name="Go To" owner="SeleniumLibrary">
<msg time="2026-07-09T19:46:45.467870" level="INFO">Opening url 'https://rahulshettyacademy.com/loginpagePractise/'</msg>
<arg>${URL}</arg>
<doc>Navigates the current browser window to the provided ``url``.</doc>
<status status="PASS" start="2026-07-09T19:46:45.467356" elapsed="0.806799"/>
</kw>
<kw name="Maximize Browser Window" owner="SeleniumLibrary">
<doc>Maximizes current browser window.</doc>
<status status="PASS" start="2026-07-09T19:46:46.274621" elapsed="0.338625"/>
</kw>
<arg>${URL}</arg>
<arg>${BROWSER}</arg>
<status status="PASS" start="2026-07-09T19:46:36.171059" elapsed="10.442523"/>
</kw>
<kw name="Validate Unsuccessful Login">
<kw name="Fill the login Form">
<kw name="Input Text" owner="SeleniumLibrary">
<msg time="2026-07-09T19:46:46.617693" level="INFO">Typing text 'dsahed' into text field 'id:username'.</msg>
<arg>id:username</arg>
<arg>${username}</arg>
<doc>Types the given ``text`` into the text field identified by ``locator``.</doc>
<status status="PASS" start="2026-07-09T19:46:46.616506" elapsed="0.179651"/>
</kw>
<kw name="Input Text" owner="SeleniumLibrary">
<msg time="2026-07-09T19:46:46.797449" level="INFO">Typing text 'learning' into text field 'id:password'.</msg>
<arg>id:password</arg>
<arg>${password}</arg>
<doc>Types the given ``text`` into the text field identified by ``locator``.</doc>
<status status="PASS" start="2026-07-09T19:46:46.796695" elapsed="0.339061"/>
</kw>
<kw name="Click Button" owner="SeleniumLibrary">
<msg time="2026-07-09T19:46:47.136821" level="INFO">Clicking button 'signInBtn'.</msg>
<arg>signInBtn</arg>
<doc>Clicks the button identified by ``locator``.</doc>
<status status="PASS" start="2026-07-09T19:46:47.136240" elapsed="0.247002"/>
</kw>
<arg>${username}</arg>
<arg>${password}</arg>
<status status="PASS" start="2026-07-09T19:46:46.615379" elapsed="0.768115"/>
</kw>
<kw name="wait until it checks and display error message">
<kw name="Wait Until Element Is Visible" owner="SeleniumLibrary">
<arg>${ERROR_MESSAGE_LOGIN}</arg>
<doc>Waits until the element ``locator`` is visible.</doc>
<status status="PASS" start="2026-07-09T19:46:47.384707" elapsed="1.946769"/>
</kw>
<arg>${ERROR_MESSAGE_LOGIN}</arg>
<status status="PASS" start="2026-07-09T19:46:47.383889" elapsed="1.948015"/>
</kw>
<kw name="verify error message is correct">
<kw name="Get Text" owner="SeleniumLibrary">
<msg time="2026-07-09T19:46:49.357010" level="INFO">${result} = Incorrect username/password.</msg>
<var>${result}</var>
<arg>${ERROR_MESSAGE_LOGIN}</arg>
<doc>Returns the text value of the element identified by ``locator``.</doc>
<status status="PASS" start="2026-07-09T19:46:49.333404" elapsed="0.023738"/>
</kw>
<kw name="Should Be Equal As Strings" owner="BuiltIn">
<arg>${result}</arg>
<arg>Incorrect username/password.</arg>
<doc>Fails if objects are unequal after converting them to strings.</doc>
<status status="PASS" start="2026-07-09T19:46:49.357573" elapsed="0.001033"/>
</kw>
<kw name="Element Text Should Be" owner="SeleniumLibrary">
<msg time="2026-07-09T19:46:49.359601" level="INFO">Verifying element 'css:.alert-danger' contains exact text 'Incorrect username/password.'.</msg>
<arg>${ERROR_MESSAGE_LOGIN}</arg>
<arg>Incorrect username/password.</arg>
<doc>Verifies that element ``locator`` contains exact the text ``expected``.</doc>
<status status="PASS" start="2026-07-09T19:46:49.358961" elapsed="0.020505"/>
</kw>
<status status="PASS" start="2026-07-09T19:46:49.332475" elapsed="0.047221"/>
</kw>
<arg>dsahed</arg>
<arg>learning</arg>
<status status="PASS" start="2026-07-09T19:46:46.614300" elapsed="2.765513"/>
</kw>
<kw name="Close Browser" owner="SeleniumLibrary" type="TEARDOWN">
<doc>Closes the current browser.</doc>
<status status="PASS" start="2026-07-09T19:46:49.380162" elapsed="2.973601"/>
</kw>
<tag>Positive</tag>
<status status="PASS" start="2026-07-09T19:46:36.170541" elapsed="16.183362"/>
</test>
<test id="s1-s3-t2" name="Invalid password" line="22">
<kw name="Open the URL with the login URL" owner="Generic" type="SETUP">
<kw name="Convert To Lower Case" owner="String">
<msg time="2026-07-09T19:46:52.799184" level="INFO">${browser} = firefox</msg>
<var>${browser}</var>
<arg>${BROWSER}</arg>
<doc>Converts string to lower case.</doc>
<status status="PASS" start="2026-07-09T19:46:52.799007" elapsed="0.000203"/>
</kw>
<if>
<branch type="IF" condition="'${browser}' == 'chrome'">
<kw name="Evaluate" owner="BuiltIn">
<var>${options}</var>
<arg>sys.modules['selenium.webdriver'].ChromeOptions()</arg>
<arg>sys, selenium.webdriver</arg>
<doc>Evaluates the given expression in Python and returns the result.</doc>
<status status="NOT RUN" start="2026-07-09T19:46:52.799510" elapsed="0.000025"/>
</kw>
<kw name="Create Dictionary" owner="BuiltIn">
<var>${prefs}</var>
<arg>credentials_enable_service=${False}</arg>
<arg>profile.password_manager_enabled=${False}</arg>
<arg>profile.password_manager_leak_detection=${False}</arg>
<doc>Creates and returns a dictionary based on the given ``items``.</doc>
<status status="NOT RUN" start="2026-07-09T19:46:52.799630" elapsed="0.000022"/>
</kw>
<kw name="Call Method" owner="BuiltIn">
<arg>${options}</arg>
<arg>add_experimental_option</arg>
<arg>prefs</arg>
<arg>${prefs}</arg>
<doc>Calls the named method of the given object with the provided arguments.</doc>
<status status="NOT RUN" start="2026-07-09T19:46:52.799730" elapsed="0.000022"/>
</kw>
<kw name="Create Webdriver" owner="SeleniumLibrary">
<arg>Chrome</arg>
<arg>options=${options}</arg>
<doc>Creates an instance of Selenium WebDriver.</doc>
<status status="NOT RUN" start="2026-07-09T19:46:52.799842" elapsed="0.000022"/>
</kw>
<status status="NOT RUN" start="2026-07-09T19:46:52.799310" elapsed="0.000588"/>
</branch>
<branch type="ELSE IF" condition="'${browser}' == 'edge'">
<kw name="Evaluate" owner="BuiltIn">
<var>${options}</var>
<arg>sys.modules['selenium.webdriver'].EdgeOptions()</arg>
<arg>sys, selenium.webdriver</arg>
<doc>Evaluates the given expression in Python and returns the result.</doc>
<status status="NOT RUN" start="2026-07-09T19:46:52.800124" elapsed="0.000024"/>
</kw>
<kw name="Create Webdriver" owner="SeleniumLibrary">
<arg>Edge</arg>
<arg>options=${options}</arg>
<doc>Creates an instance of Selenium WebDriver.</doc>
<status status="NOT RUN" start="2026-07-09T19:46:52.800233" elapsed="0.000020"/>
</kw>
<status status="NOT RUN" start="2026-07-09T19:46:52.799954" elapsed="0.000331"/>
</branch>
<branch type="ELSE IF" condition="'${browser}' == 'firefox'">
<kw name="Evaluate" owner="BuiltIn">
<msg time="2026-07-09T19:46:52.802709" level="INFO">${options} = &lt;selenium.webdriver.firefox.options.Options object at 0x000002F18011D6A0&gt;</msg>
<var>${options}</var>
<arg>sys.modules['selenium.webdriver'].FirefoxOptions()</arg>
<arg>sys, selenium.webdriver</arg>
<doc>Evaluates the given expression in Python and returns the result.</doc>
<status status="PASS" start="2026-07-09T19:46:52.800450" elapsed="0.002306"/>
</kw>
<kw name="Create Webdriver" owner="SeleniumLibrary">
<msg time="2026-07-09T19:46:52.811805" level="INFO">Creating an instance of the Firefox WebDriver.</msg>
<arg>Firefox</arg>
<arg>options=${options}</arg>
<doc>Creates an instance of Selenium WebDriver.</doc>
<status status="PASS" start="2026-07-09T19:46:52.802915" elapsed="6.334246"/>
</kw>
<status status="PASS" start="2026-07-09T19:46:52.800320" elapsed="6.337066"/>
</branch>
<branch type="ELSE">
<kw name="Fail" owner="BuiltIn">
<arg>Unsupported browser: ${BROWSER}</arg>
<doc>Fails the test with the given message and optionally alters its tags.</doc>
<status status="NOT RUN" start="2026-07-09T19:46:59.138177" elapsed="0.000128"/>
</kw>
<status status="NOT RUN" start="2026-07-09T19:46:59.137516" elapsed="0.000941"/>
</branch>
<status status="PASS" start="2026-07-09T19:46:52.799283" elapsed="6.339287"/>
</if>
<kw name="Go To" owner="SeleniumLibrary">
<msg time="2026-07-09T19:46:59.139392" level="INFO">Opening url 'https://rahulshettyacademy.com/loginpagePractise/'</msg>
<arg>${URL}</arg>
<doc>Navigates the current browser window to the provided ``url``.</doc>
<status status="PASS" start="2026-07-09T19:46:59.138927" elapsed="0.942292"/>
</kw>
<kw name="Maximize Browser Window" owner="SeleniumLibrary">
<doc>Maximizes current browser window.</doc>
<status status="PASS" start="2026-07-09T19:47:00.081995" elapsed="0.390523"/>
</kw>
<arg>${URL}</arg>
<arg>${BROWSER}</arg>
<status status="PASS" start="2026-07-09T19:46:52.798700" elapsed="7.674136"/>
</kw>
<kw name="Validate Unsuccessful Login">
<kw name="Fill the login Form">
<kw name="Input Text" owner="SeleniumLibrary">
<msg time="2026-07-09T19:47:00.476995" level="INFO">Typing text 'rahulshetty' into text field 'id:username'.</msg>
<arg>id:username</arg>
<arg>${username}</arg>
<doc>Types the given ``text`` into the text field identified by ``locator``.</doc>
<status status="PASS" start="2026-07-09T19:47:00.475577" elapsed="0.466088"/>
</kw>
<kw name="Input Text" owner="SeleniumLibrary">
<msg time="2026-07-09T19:47:00.942965" level="INFO">Typing text 'ploudfg' into text field 'id:password'.</msg>
<arg>id:password</arg>
<arg>${password}</arg>
<doc>Types the given ``text`` into the text field identified by ``locator``.</doc>
<status status="PASS" start="2026-07-09T19:47:00.942182" elapsed="0.638395"/>
</kw>
<kw name="Click Button" owner="SeleniumLibrary">
<msg time="2026-07-09T19:47:01.581807" level="INFO">Clicking button 'signInBtn'.</msg>
<arg>signInBtn</arg>
<doc>Clicks the button identified by ``locator``.</doc>
<status status="PASS" start="2026-07-09T19:47:01.581108" elapsed="1.255982"/>
</kw>
<arg>${username}</arg>
<arg>${password}</arg>
<status status="PASS" start="2026-07-09T19:47:00.474515" elapsed="2.362904"/>
</kw>
<kw name="wait until it checks and display error message">
<kw name="Wait Until Element Is Visible" owner="SeleniumLibrary">
<arg>${ERROR_MESSAGE_LOGIN}</arg>
<doc>Waits until the element ``locator`` is visible.</doc>
<status status="PASS" start="2026-07-09T19:47:02.838674" elapsed="1.871328"/>
</kw>
<arg>${ERROR_MESSAGE_LOGIN}</arg>
<status status="PASS" start="2026-07-09T19:47:02.837851" elapsed="1.872372"/>
</kw>
<kw name="verify error message is correct">
<kw name="Get Text" owner="SeleniumLibrary">
<msg time="2026-07-09T19:47:04.751444" level="INFO">${result} = Incorrect username/password.</msg>
<var>${result}</var>
<arg>${ERROR_MESSAGE_LOGIN}</arg>
<doc>Returns the text value of the element identified by ``locator``.</doc>
<status status="PASS" start="2026-07-09T19:47:04.711087" elapsed="0.040521"/>
</kw>
<kw name="Should Be Equal As Strings" owner="BuiltIn">
<arg>${result}</arg>
<arg>Incorrect username/password.</arg>
<doc>Fails if objects are unequal after converting them to strings.</doc>
<status status="PASS" start="2026-07-09T19:47:04.752046" elapsed="0.001066"/>
</kw>
<kw name="Element Text Should Be" owner="SeleniumLibrary">
<msg time="2026-07-09T19:47:04.754296" level="INFO">Verifying element 'css:.alert-danger' contains exact text 'Incorrect username/password.'.</msg>
<arg>${ERROR_MESSAGE_LOGIN}</arg>
<arg>Incorrect username/password.</arg>
<doc>Verifies that element ``locator`` contains exact the text ``expected``.</doc>
<status status="PASS" start="2026-07-09T19:47:04.753582" elapsed="0.028548"/>
</kw>
<status status="PASS" start="2026-07-09T19:47:04.710556" elapsed="0.071822"/>
</kw>
<arg>rahulshetty</arg>
<arg>ploudfg</arg>
<status status="PASS" start="2026-07-09T19:47:00.473554" elapsed="4.308970"/>
</kw>
<kw name="Close Browser" owner="SeleniumLibrary" type="TEARDOWN">
<doc>Closes the current browser.</doc>
<status status="PASS" start="2026-07-09T19:47:04.783021" elapsed="4.170077"/>
</kw>
<tag>Positive</tag>
<status status="PASS" start="2026-07-09T19:46:52.798174" elapsed="16.155051"/>
</test>
<test id="s1-s3-t3" name="special characters" line="23">
<kw name="Open the URL with the login URL" owner="Generic" type="SETUP">
<kw name="Convert To Lower Case" owner="String">
<msg time="2026-07-09T19:46:53.625423" level="INFO">${browser} = firefox</msg>
<var>${browser}</var>
<arg>${BROWSER}</arg>
<doc>Converts string to lower case.</doc>
<status status="PASS" start="2026-07-09T19:46:53.625239" elapsed="0.000305"/>
</kw>
<if>
<branch type="IF" condition="'${browser}' == 'chrome'">
<kw name="Evaluate" owner="BuiltIn">
<var>${options}</var>
<arg>sys.modules['selenium.webdriver'].ChromeOptions()</arg>
<arg>sys, selenium.webdriver</arg>
<doc>Evaluates the given expression in Python and returns the result.</doc>
<status status="NOT RUN" start="2026-07-09T19:46:53.625877" elapsed="0.000028"/>
</kw>
<kw name="Create Dictionary" owner="BuiltIn">
<var>${prefs}</var>
<arg>credentials_enable_service=${False}</arg>
<arg>profile.password_manager_enabled=${False}</arg>
<arg>profile.password_manager_leak_detection=${False}</arg>
<doc>Creates and returns a dictionary based on the given ``items``.</doc>
<status status="NOT RUN" start="2026-07-09T19:46:53.626004" elapsed="0.000022"/>
</kw>
<kw name="Call Method" owner="BuiltIn">
<arg>${options}</arg>
<arg>add_experimental_option</arg>
<arg>prefs</arg>
<arg>${prefs}</arg>
<doc>Calls the named method of the given object with the provided arguments.</doc>
<status status="NOT RUN" start="2026-07-09T19:46:53.626119" elapsed="0.000027"/>
</kw>
<kw name="Create Webdriver" owner="SeleniumLibrary">
<arg>Chrome</arg>
<arg>options=${options}</arg>
<doc>Creates an instance of Selenium WebDriver.</doc>
<status status="NOT RUN" start="2026-07-09T19:46:53.626237" elapsed="0.000021"/>
</kw>
<status status="NOT RUN" start="2026-07-09T19:46:53.625660" elapsed="0.000634"/>
</branch>
<branch type="ELSE IF" condition="'${browser}' == 'edge'">
<kw name="Evaluate" owner="BuiltIn">
<var>${options}</var>
<arg>sys.modules['selenium.webdriver'].EdgeOptions()</arg>
<arg>sys, selenium.webdriver</arg>
<doc>Evaluates the given expression in Python and returns the result.</doc>
<status status="NOT RUN" start="2026-07-09T19:46:53.626514" elapsed="0.000022"/>
</kw>
<kw name="Create Webdriver" owner="SeleniumLibrary">
<arg>Edge</arg>
<arg>options=${options}</arg>
<doc>Creates an instance of Selenium WebDriver.</doc>
<status status="NOT RUN" start="2026-07-09T19:46:53.626618" elapsed="0.000020"/>
</kw>
<status status="NOT RUN" start="2026-07-09T19:46:53.626337" elapsed="0.000331"/>
</branch>
<branch type="ELSE IF" condition="'${browser}' == 'firefox'">
<kw name="Evaluate" owner="BuiltIn">
<msg time="2026-07-09T19:46:53.629048" level="INFO">${options} = &lt;selenium.webdriver.firefox.options.Options object at 0x000001744107D6A0&gt;</msg>
<var>${options}</var>
<arg>sys.modules['selenium.webdriver'].FirefoxOptions()</arg>
<arg>sys, selenium.webdriver</arg>
<doc>Evaluates the given expression in Python and returns the result.</doc>
<status status="PASS" start="2026-07-09T19:46:53.626834" elapsed="0.002257"/>
</kw>
<kw name="Create Webdriver" owner="SeleniumLibrary">
<msg time="2026-07-09T19:46:53.635308" level="INFO">Creating an instance of the Firefox WebDriver.</msg>
<arg>Firefox</arg>
<arg>options=${options}</arg>
<doc>Creates an instance of Selenium WebDriver.</doc>
<status status="PASS" start="2026-07-09T19:46:53.629226" elapsed="7.360554"/>
</kw>
<status status="PASS" start="2026-07-09T19:46:53.626702" elapsed="7.363321"/>
</branch>
<branch type="ELSE">
<kw name="Fail" owner="BuiltIn">
<arg>Unsupported browser: ${BROWSER}</arg>
<doc>Fails the test with the given message and optionally alters its tags.</doc>
<status status="NOT RUN" start="2026-07-09T19:47:00.990665" elapsed="0.000121"/>
</kw>
<status status="NOT RUN" start="2026-07-09T19:47:00.990186" elapsed="0.000747"/>
</branch>
<status status="PASS" start="2026-07-09T19:46:53.625631" elapsed="7.365414"/>
</if>
<kw name="Go To" owner="SeleniumLibrary">
<msg time="2026-07-09T19:47:00.991865" level="INFO">Opening url 'https://rahulshettyacademy.com/loginpagePractise/'</msg>
<arg>${URL}</arg>
<doc>Navigates the current browser window to the provided ``url``.</doc>
<status status="PASS" start="2026-07-09T19:47:00.991368" elapsed="0.746212"/>
</kw>
<kw name="Maximize Browser Window" owner="SeleniumLibrary">
<doc>Maximizes current browser window.</doc>
<status status="PASS" start="2026-07-09T19:47:01.738054" elapsed="0.351138"/>
</kw>
<arg>${URL}</arg>
<arg>${BROWSER}</arg>
<status status="PASS" start="2026-07-09T19:46:53.624845" elapsed="8.464631"/>
</kw>
<kw name="Validate Unsuccessful Login">
<kw name="Fill the login Form">
<kw name="Input Text" owner="SeleniumLibrary">
<msg time="2026-07-09T19:47:02.099191" level="INFO">Typing text '@#$' into text field 'id:username'.</msg>
<arg>id:username</arg>
<arg>${username}</arg>
<doc>Types the given ``text`` into the text field identified by ``locator``.</doc>
<status status="PASS" start="2026-07-09T19:47:02.092459" elapsed="0.159199"/>
</kw>
<kw name="Input Text" owner="SeleniumLibrary">
<msg time="2026-07-09T19:47:02.253054" level="INFO">Typing text 'learning' into text field 'id:password'.</msg>
<arg>id:password</arg>
<arg>${password}</arg>
<doc>Types the given ``text`` into the text field identified by ``locator``.</doc>
<status status="PASS" start="2026-07-09T19:47:02.252117" elapsed="0.489546"/>
</kw>
<kw name="Click Button" owner="SeleniumLibrary">
<msg time="2026-07-09T19:47:02.742730" level="INFO">Clicking button 'signInBtn'.</msg>
<arg>signInBtn</arg>
<doc>Clicks the button identified by ``locator``.</doc>
<status status="PASS" start="2026-07-09T19:47:02.742113" elapsed="0.264399"/>
</kw>
<arg>${username}</arg>
<arg>${password}</arg>
<status status="PASS" start="2026-07-09T19:47:02.090909" elapsed="0.915898"/>
</kw>
<kw name="wait until it checks and display error message">
<kw name="Wait Until Element Is Visible" owner="SeleniumLibrary">
<arg>${ERROR_MESSAGE_LOGIN}</arg>
<doc>Waits until the element ``locator`` is visible.</doc>
<status status="PASS" start="2026-07-09T19:47:03.008368" elapsed="1.955481"/>
</kw>
<arg>${ERROR_MESSAGE_LOGIN}</arg>
<status status="PASS" start="2026-07-09T19:47:03.007208" elapsed="1.956931"/>
</kw>
<kw name="verify error message is correct">
<kw name="Get Text" owner="SeleniumLibrary">
<msg time="2026-07-09T19:47:04.995396" level="INFO">${result} = Incorrect username/password.</msg>
<var>${result}</var>
<arg>${ERROR_MESSAGE_LOGIN}</arg>
<doc>Returns the text value of the element identified by ``locator``.</doc>
<status status="PASS" start="2026-07-09T19:47:04.965251" elapsed="0.030269"/>
</kw>
<kw name="Should Be Equal As Strings" owner="BuiltIn">
<arg>${result}</arg>
<arg>Incorrect username/password.</arg>
<doc>Fails if objects are unequal after converting them to strings.</doc>
<status status="PASS" start="2026-07-09T19:47:04.995915" elapsed="0.000975"/>
</kw>
<kw name="Element Text Should Be" owner="SeleniumLibrary">
<msg time="2026-07-09T19:47:04.997952" level="INFO">Verifying element 'css:.alert-danger' contains exact text 'Incorrect username/password.'.</msg>
<arg>${ERROR_MESSAGE_LOGIN}</arg>
<arg>Incorrect username/password.</arg>
<doc>Verifies that element ``locator`` contains exact the text ``expected``.</doc>
<status status="PASS" start="2026-07-09T19:47:04.997270" elapsed="0.029271"/>
</kw>
<status status="PASS" start="2026-07-09T19:47:04.964583" elapsed="0.062241"/>
</kw>
<arg>@#$</arg>
<arg>learning</arg>
<status status="PASS" start="2026-07-09T19:47:02.090015" elapsed="2.936978"/>
</kw>
<kw name="Close Browser" owner="SeleniumLibrary" type="TEARDOWN">
<doc>Closes the current browser.</doc>
<status status="PASS" start="2026-07-09T19:47:05.027567" elapsed="4.173600"/>
</kw>
<tag>Positive</tag>
<status status="PASS" start="2026-07-09T19:46:53.623910" elapsed="15.577366"/>
</test>
<doc>Test Suite for validate the login here</doc>
<status status="PASS" start="2026-07-09T19:46:35.832000" elapsed="33.369000"/>
</suite>
<suite id="s1-s4" name="testDemo1" source="C:\Amit_Tech\Education\VisualStudio_Workspace\Robot_Automation_Projects\RobotAutomationDemo\RobotAutomationDemoProject\test\testDemo1.robot">
<test id="s1-s4-t1" name="Login user with valid credential" line="12">
<kw name="Open the URL with the login URL">
<kw name="Create Webdriver" owner="SeleniumLibrary">
<msg time="2026-07-09T19:47:10.102864" level="INFO">Creating an instance of the Chrome WebDriver.</msg>
<arg>${browser}</arg>
<doc>Creates an instance of Selenium WebDriver.</doc>
<status status="PASS" start="2026-07-09T19:47:10.090842" elapsed="2.667986"/>
</kw>
<kw name="Go To" owner="SeleniumLibrary">
<msg time="2026-07-09T19:47:12.759170" level="INFO">Opening url 'https://automationpractice.techwithjatin.com/'</msg>
<arg>https://automationpractice.techwithjatin.com/</arg>
<doc>Navigates the current browser window to the provided ``url``.</doc>
<status status="PASS" start="2026-07-09T19:47:12.759035" elapsed="0.765153"/>
</kw>
<kw name="Maximize Browser Window" owner="SeleniumLibrary">
<doc>Maximizes current browser window.</doc>
<status status="PASS" start="2026-07-09T19:47:13.524663" elapsed="0.040132"/>
</kw>
<kw name="Click Link" owner="SeleniumLibrary">
<msg time="2026-07-09T19:47:13.565562" level="INFO">Clicking link 'xpath://a[normalize-space()='Sign in']'.</msg>
<arg>xpath://a[normalize-space()='Sign in']</arg>
<doc>Clicks a link identified by ``locator``.</doc>
<status status="PASS" start="2026-07-09T19:47:13.565030" elapsed="0.283506"/>
</kw>
<arg>Chrome</arg>
<status status="PASS" start="2026-07-09T19:47:10.090166" elapsed="3.758576"/>
</kw>
<kw name="Fill Login Form">
<kw name="Input Text" owner="SeleniumLibrary">
<msg time="2026-07-09T19:47:13.850093" level="INFO">Typing text 'labisok230@hidevak.com' into text field 'id:email'.</msg>
<arg>id:email</arg>
<arg>${email}</arg>
<doc>Types the given ``text`` into the text field identified by ``locator``.</doc>
<status status="PASS" start="2026-07-09T19:47:13.849668" elapsed="0.132109"/>
</kw>
<kw name="Input Text" owner="SeleniumLibrary">
<msg time="2026-07-09T19:47:13.982460" level="INFO">Typing text 'Test@123' into text field 'id:passwd'.</msg>
<arg>id:passwd</arg>
<arg>${password}</arg>
<doc>Types the given ``text`` into the text field identified by ``locator``.</doc>
<status status="PASS" start="2026-07-09T19:47:13.982043" elapsed="0.106485"/>
</kw>
<kw name="Click Button" owner="SeleniumLibrary">
<msg time="2026-07-09T19:47:14.089085" level="INFO">Clicking button 'id:SubmitLogin'.</msg>
<arg>id:SubmitLogin</arg>
<doc>Clicks the button identified by ``locator``.</doc>
<status status="PASS" start="2026-07-09T19:47:14.088769" elapsed="0.305422"/>
</kw>
<arg>labisok230@hidevak.com</arg>
<arg>Test@123</arg>
<status status="PASS" start="2026-07-09T19:47:13.849097" elapsed="0.545282"/>
</kw>
<kw name="Validate Successful Login">
<kw name="Element Should Be Visible" owner="SeleniumLibrary">
<msg time="2026-07-09T19:47:14.421901" level="INFO">Element 'css:a[title='Log me out']' is displayed.</msg>
<arg>css:a[title='Log me out']</arg>
<doc>Verifies that the element identified by ``locator`` is visible.</doc>
<status status="PASS" start="2026-07-09T19:47:14.395024" elapsed="0.027041"/>
</kw>
<kw name="Get Text" owner="SeleniumLibrary">
<msg time="2026-07-09T19:47:14.469280" level="INFO">${username} = Amit Sawant</msg>
<var>${username}</var>
<arg>css:a[title='View my customer account'] span</arg>
<doc>Returns the text value of the element identified by ``locator``.</doc>
<status status="PASS" start="2026-07-09T19:47:14.422306" elapsed="0.047051"/>
</kw>
<kw name="Should Be Equal As Strings" owner="BuiltIn">
<arg>${username}</arg>
<arg>Amit Sawant</arg>
<doc>Fails if objects are unequal after converting them to strings.</doc>
<status status="PASS" start="2026-07-09T19:47:14.469609" elapsed="0.000619"/>
</kw>
<kw name="Log To Console" owner="BuiltIn">
<arg>User Name: ${username}</arg>
<doc>Logs the given message to the console.</doc>
<status status="PASS" start="2026-07-09T19:47:14.470444" elapsed="0.000568"/>
</kw>
<status status="PASS" start="2026-07-09T19:47:14.394661" elapsed="0.076496"/>
</kw>
<kw name="Close Browser" owner="SeleniumLibrary" type="TEARDOWN">
<doc>Closes the current browser.</doc>
<status status="PASS" start="2026-07-09T19:47:14.471452" elapsed="2.206508"/>
</kw>
<tag>Positive</tag>
<status status="PASS" start="2026-07-09T19:47:10.089521" elapsed="6.588628"/>
</test>
<test id="s1-s4-t2" name="Login user with invalid credential" line="17">
<kw name="Open the URL with the login URL">
<kw name="Create Webdriver" owner="SeleniumLibrary">
<msg time="2026-07-09T19:47:10.360536" level="INFO">Creating an instance of the Firefox WebDriver.</msg>
<arg>${browser}</arg>
<doc>Creates an instance of Selenium WebDriver.</doc>
<status status="PASS" start="2026-07-09T19:47:10.353253" elapsed="6.376355"/>
</kw>
<kw name="Go To" owner="SeleniumLibrary">
<msg time="2026-07-09T19:47:16.730399" level="INFO">Opening url 'https://automationpractice.techwithjatin.com/'</msg>
<arg>https://automationpractice.techwithjatin.com/</arg>
<doc>Navigates the current browser window to the provided ``url``.</doc>
<status status="PASS" start="2026-07-09T19:47:16.730067" elapsed="1.212338"/>
</kw>
<kw name="Maximize Browser Window" owner="SeleniumLibrary">
<doc>Maximizes current browser window.</doc>
<status status="PASS" start="2026-07-09T19:47:17.942800" elapsed="0.346190"/>
</kw>
<kw name="Click Link" owner="SeleniumLibrary">
<msg time="2026-07-09T19:47:18.290441" level="INFO">Clicking link 'xpath://a[normalize-space()='Sign in']'.</msg>
<arg>xpath://a[normalize-space()='Sign in']</arg>
<doc>Clicks a link identified by ``locator``.</doc>
<status status="PASS" start="2026-07-09T19:47:18.289432" elapsed="0.599571"/>
</kw>
<arg>Firefox</arg>
<status status="PASS" start="2026-07-09T19:47:10.352572" elapsed="8.536690"/>
</kw>
<kw name="Fill Login Form">
<kw name="Input Text" owner="SeleniumLibrary">
<msg time="2026-07-09T19:47:18.891116" level="INFO">Typing text 'labisok230@hidevak.com' into text field 'id:email'.</msg>
<arg>id:email</arg>
<arg>${email}</arg>
<doc>Types the given ``text`` into the text field identified by ``locator``.</doc>
<status status="PASS" start="2026-07-09T19:47:18.890433" elapsed="0.120532"/>
</kw>
<kw name="Input Text" owner="SeleniumLibrary">
<msg time="2026-07-09T19:47:19.012079" level="INFO">Typing text 'Test@1234' into text field 'id:passwd'.</msg>
<arg>id:passwd</arg>
<arg>${password}</arg>
<doc>Types the given ``text`` into the text field identified by ``locator``.</doc>
<status status="PASS" start="2026-07-09T19:47:19.011354" elapsed="0.189443"/>
</kw>
<kw name="Click Button" owner="SeleniumLibrary">
<msg time="2026-07-09T19:47:19.201583" level="INFO">Clicking button 'id:SubmitLogin'.</msg>
<arg>id:SubmitLogin</arg>
<doc>Clicks the button identified by ``locator``.</doc>
<status status="PASS" start="2026-07-09T19:47:19.201127" elapsed="0.668463"/>
</kw>
<arg>labisok230@hidevak.com</arg>
<arg>Test@1234</arg>
<status status="PASS" start="2026-07-09T19:47:18.889702" elapsed="0.980160"/>
</kw>
<kw name="Validate Invalid Login">
<kw name="Wait Until Element Is Visible" owner="SeleniumLibrary">
<arg>${INVALID_ERROR_MESSAGE}</arg>
<doc>Waits until the element ``locator`` is visible.</doc>
<status status="PASS" start="2026-07-09T19:47:19.870923" elapsed="0.030372"/>
</kw>
<kw name="Get Text" owner="SeleniumLibrary">
<msg time="2026-07-09T19:47:19.930148" level="INFO">${error} = Authentication failed.</msg>
<var>${error}</var>
<arg>${INVALID_ERROR_MESSAGE}</arg>
<doc>Returns the text value of the element identified by ``locator``.</doc>
<status status="PASS" start="2026-07-09T19:47:19.901724" elapsed="0.028542"/>
</kw>
<kw name="Should Be Equal As Strings" owner="BuiltIn">
<arg>${error}</arg>
<arg>Authentication failed.</arg>
<doc>Fails if objects are unequal after converting them to strings.</doc>
<status status="PASS" start="2026-07-09T19:47:19.930684" elapsed="0.001116"/>
</kw>
<kw name="Element Text Should Be" owner="SeleniumLibrary">
<msg time="2026-07-09T19:47:19.932731" level="INFO">Verifying element 'xpath://li[normalize-space()='Authentication failed.']' contains exact text 'Authentication failed.'.</msg>
<arg>${INVALID_ERROR_MESSAGE}</arg>
<arg>Authentication failed.</arg>
<doc>Verifies that element ``locator`` contains exact the text ``expected``.</doc>
<status status="PASS" start="2026-07-09T19:47:19.932135" elapsed="0.052423"/>
</kw>
<kw name="Log To Console" owner="BuiltIn">
<arg>Error: ${error}</arg>
<doc>Logs the given message to the console.</doc>
<status status="PASS" start="2026-07-09T19:47:19.984961" elapsed="0.001023"/>
</kw>
<status status="PASS" start="2026-07-09T19:47:19.870313" elapsed="0.115905"/>
</kw>
<kw name="Close Browser" owner="SeleniumLibrary" type="TEARDOWN">
<doc>Closes the current browser.</doc>
<status status="PASS" start="2026-07-09T19:47:19.987171" elapsed="3.421825"/>
</kw>
<tag>Positive</tag>
<status status="PASS" start="2026-07-09T19:47:10.351917" elapsed="13.057229"/>
</test>
<doc>Test Suite for validate the login here</doc>
<status status="PASS" start="2026-07-09T19:47:09.789000" elapsed="19.646000"/>
</suite>
<suite id="s1-s5" name="testDemo2" source="C:\Amit_Tech\Education\VisualStudio_Workspace\Robot_Automation_Projects\RobotAutomationDemo\RobotAutomationDemoProject\test\testDemo2.robot">
<kw name="Initial Setup" type="SETUP">
<kw name="Prepare Screenshot Directory">
<kw name="Set Screenshot Directory" owner="SeleniumLibrary">
<arg>${SCREENSHOT_DIR}</arg>
<doc>Sets the directory for captured screenshots.</doc>
<status status="PASS" start="2026-07-09T19:47:19.354158" elapsed="0.000482"/>
</kw>
<kw name="Log To Console" owner="BuiltIn">
<arg>Screenshot directory: ${SCREENSHOT_DIR}</arg>
<doc>Logs the given message to the console.</doc>
<status status="PASS" start="2026-07-09T19:47:19.354907" elapsed="0.000551"/>
</kw>
<kw name="Delete Old Screenshots">
<kw name="Run Keyword And Ignore Error" owner="BuiltIn">
<kw name="Remove Files" owner="OperatingSystem">
<msg time="2026-07-09T19:47:19.357294" level="INFO" html="true">File '&lt;a href="file://C:\Amit_Tech\Education\VisualStudio_Workspace\Robot_Automation_Projects\RobotAutomationDemo\RobotAutomationDemoProject\screenshots\*.png"&gt;C:\Amit_Tech\Education\VisualStudio_Workspace\Robot_Automation_Projects\RobotAutomationDemo\RobotAutomationDemoProject\screenshots\*.png&lt;/a&gt;' does not exist.</msg>
<arg>${SCREENSHOT_DIR}${/}*.png</arg>
<doc>Uses `Remove File` to remove multiple files one-by-one.</doc>
<status status="PASS" start="2026-07-09T19:47:19.356433" elapsed="0.001107"/>
</kw>
<arg>Remove Files</arg>
<arg>${SCREENSHOT_DIR}${/}*.png</arg>
<doc>Runs the given keyword with the given arguments and ignores possible error.</doc>
<status status="PASS" start="2026-07-09T19:47:19.355948" elapsed="0.001768"/>
</kw>
<status status="PASS" start="2026-07-09T19:47:19.355688" elapsed="0.002187"/>
</kw>
<status status="PASS" start="2026-07-09T19:47:19.353206" elapsed="0.004790"/>
</kw>
<kw name="Delete Old Screenshots">
<kw name="Run Keyword And Ignore Error" owner="BuiltIn">
<kw name="Remove Files" owner="OperatingSystem">
<msg time="2026-07-09T19:47:19.359785" level="INFO" html="true">File '&lt;a href="file://C:\Amit_Tech\Education\VisualStudio_Workspace\Robot_Automation_Projects\RobotAutomationDemo\RobotAutomationDemoProject\screenshots\*.png"&gt;C:\Amit_Tech\Education\VisualStudio_Workspace\Robot_Automation_Projects\RobotAutomationDemo\RobotAutomationDemoProject\screenshots\*.png&lt;/a&gt;' does not exist.</msg>
<arg>${SCREENSHOT_DIR}${/}*.png</arg>
<doc>Uses `Remove File` to remove multiple files one-by-one.</doc>
<status status="PASS" start="2026-07-09T19:47:19.359091" elapsed="0.000824"/>
</kw>
<arg>Remove Files</arg>
<arg>${SCREENSHOT_DIR}${/}*.png</arg>
<doc>Runs the given keyword with the given arguments and ignores possible error.</doc>
<status status="PASS" start="2026-07-09T19:47:19.358624" elapsed="0.001399"/>
</kw>
<status status="PASS" start="2026-07-09T19:47:19.358290" elapsed="0.001830"/>
</kw>
<kw name="Prepare Screenshot Directory">
<kw name="Set Screenshot Directory" owner="SeleniumLibrary">
<arg>${SCREENSHOT_DIR}</arg>
<doc>Sets the directory for captured screenshots.</doc>
<status status="PASS" start="2026-07-09T19:47:24.852665" elapsed="0.000412"/>
</kw>
<kw name="Log To Console" owner="BuiltIn">
<arg>Screenshot directory: ${SCREENSHOT_DIR}</arg>
<doc>Logs the given message to the console.</doc>
<status status="PASS" start="2026-07-09T19:47:24.853290" elapsed="0.000459"/>
</kw>
<kw name="Delete Old Screenshots">
<kw name="Run Keyword And Ignore Error" owner="BuiltIn">
<kw name="Remove Files" owner="OperatingSystem">
<msg time="2026-07-09T19:47:24.855569" level="INFO" html="true">File '&lt;a href="file://C:\Amit_Tech\Education\VisualStudio_Workspace\Robot_Automation_Projects\RobotAutomationDemo\RobotAutomationDemoProject\screenshots\*.png"&gt;C:\Amit_Tech\Education\VisualStudio_Workspace\Robot_Automation_Projects\RobotAutomationDemo\RobotAutomationDemoProject\screenshots\*.png&lt;/a&gt;' does not exist.</msg>
<arg>${SCREENSHOT_DIR}${/}*.png</arg>
<doc>Uses `Remove File` to remove multiple files one-by-one.</doc>
<status status="PASS" start="2026-07-09T19:47:24.854858" elapsed="0.000813"/>
</kw>
<arg>Remove Files</arg>
<arg>${SCREENSHOT_DIR}${/}*.png</arg>
<doc>Runs the given keyword with the given arguments and ignores possible error.</doc>
<status status="PASS" start="2026-07-09T19:47:24.854338" elapsed="0.001433"/>
</kw>
<status status="PASS" start="2026-07-09T19:47:24.853996" elapsed="0.001866"/>
</kw>
<status status="PASS" start="2026-07-09T19:47:24.851833" elapsed="0.004125"/>
</kw>
<kw name="Delete Old Screenshots">
<kw name="Run Keyword And Ignore Error" owner="BuiltIn">
<kw name="Remove Files" owner="OperatingSystem">
<msg time="2026-07-09T19:47:24.857860" level="INFO" html="true">File '&lt;a href="file://C:\Amit_Tech\Education\VisualStudio_Workspace\Robot_Automation_Projects\RobotAutomationDemo\RobotAutomationDemoProject\screenshots\*.png"&gt;C:\Amit_Tech\Education\VisualStudio_Workspace\Robot_Automation_Projects\RobotAutomationDemo\RobotAutomationDemoProject\screenshots\*.png&lt;/a&gt;' does not exist.</msg>
<arg>${SCREENSHOT_DIR}${/}*.png</arg>
<doc>Uses `Remove File` to remove multiple files one-by-one.</doc>
<status status="PASS" start="2026-07-09T19:47:24.856958" elapsed="0.001074"/>
</kw>
<arg>Remove Files</arg>
<arg>${SCREENSHOT_DIR}${/}*.png</arg>
<doc>Runs the given keyword with the given arguments and ignores possible error.</doc>
<status status="PASS" start="2026-07-09T19:47:24.856347" elapsed="0.001857"/>
</kw>
<status status="PASS" start="2026-07-09T19:47:24.856125" elapsed="0.002230"/>
</kw>
<status status="PASS" start="2026-07-09T19:47:19.352730" elapsed="0.007458"/>
</kw>
<test id="s1-s5-t1" name="Login user with valid credential" line="20">
<kw name="Open the URL with the login URL" type="SETUP">
<kw name="Open Browser" owner="SeleniumLibrary">
<msg time="2026-07-09T19:47:19.361889" level="INFO">Opening browser 'firefox' to base url 'https://automationpractice.techwithjatin.com/'.</msg>
<arg>${URL}</arg>
<arg>${BROWSER}</arg>
<doc>Opens a new browser instance to the optional ``url``.</doc>
<status status="PASS" start="2026-07-09T19:47:19.361585" elapsed="7.910546"/>
</kw>
<kw name="Maximize Browser Window" owner="SeleniumLibrary">
<doc>Maximizes current browser window.</doc>
<status status="PASS" start="2026-07-09T19:47:27.272626" elapsed="0.325975"/>
</kw>
<kw name="Click Link" owner="SeleniumLibrary">
<msg time="2026-07-09T19:47:27.599531" level="INFO">Clicking link 'xpath://a[normalize-space()='Sign in']'.</msg>
<arg>xpath://a[normalize-space()='Sign in']</arg>
<doc>Clicks a link identified by ``locator``.</doc>
<status status="PASS" start="2026-07-09T19:47:27.598892" elapsed="0.771344"/>
</kw>
<arg>${URL}</arg>
<arg>${BROWSER}</arg>
<status status="PASS" start="2026-07-09T19:47:19.361122" elapsed="9.009406"/>
</kw>
<kw name="Fill Login Form">
<kw name="Input Text" owner="SeleniumLibrary">
<msg time="2026-07-09T19:47:28.372615" level="INFO">Typing text 'labisok230@hidevak.com' into text field 'id:email'.</msg>
<arg>id:email</arg>
<arg>${email}</arg>
<doc>Types the given ``text`` into the text field identified by ``locator``.</doc>
<status status="PASS" start="2026-07-09T19:47:28.371930" elapsed="0.076363"/>
</kw>
<kw name="Input Text" owner="SeleniumLibrary">
<msg time="2026-07-09T19:47:28.449394" level="INFO">Typing text 'Test@12311' into text field 'id:passwd'.</msg>
<arg>id:passwd</arg>
<arg>${password}</arg>
<doc>Types the given ``text`` into the text field identified by ``locator``.</doc>
<status status="PASS" start="2026-07-09T19:47:28.448677" elapsed="0.055429"/>
</kw>
<kw name="Click Button" owner="SeleniumLibrary">
<msg time="2026-07-09T19:47:28.505361" level="INFO">Clicking button 'id:SubmitLogin'.</msg>
<arg>id:SubmitLogin</arg>
<doc>Clicks the button identified by ``locator``.</doc>
<status status="PASS" start="2026-07-09T19:47:28.504518" elapsed="0.465070"/>
</kw>
<arg>labisok230@hidevak.com</arg>
<arg>Test@12311</arg>
<status status="PASS" start="2026-07-09T19:47:28.371068" elapsed="0.598902"/>
</kw>
<kw name="Validate Successful Login">
<kw name="Wait Until Element Is Visible" owner="SeleniumLibrary">
<msg time="2026-07-09T19:47:34.283251" level="INFO" html="true">&lt;/td&gt;&lt;/tr&gt;&lt;tr&gt;&lt;td colspan="3"&gt;&lt;a href="../screenshots/selenium-screenshot-1.png"&gt;&lt;img src="../screenshots/selenium-screenshot-1.png" width="800px"&gt;&lt;/a&gt;</msg>
<msg time="2026-07-09T19:47:34.283612" level="FAIL">Element 'css:a[title='Log me out']' not visible after 5 seconds.</msg>
<arg>${SIGN_OUT_LINK}</arg>
<doc>Waits until the element ``locator`` is visible.</doc>
<status status="FAIL" start="2026-07-09T19:47:28.973491" elapsed="5.449945">Element 'css:a[title='Log me out']' not visible after 5 seconds.</status>
</kw>
<kw name="Get Text" owner="SeleniumLibrary">
<var>${username}</var>
<arg>css:a[title='View my customer account'] span</arg>
<doc>Returns the text value of the element identified by ``locator``.</doc>
<status status="NOT RUN" start="2026-07-09T19:47:34.423842" elapsed="0.000079"/>
</kw>
<kw name="Should Be Equal As Strings" owner="BuiltIn">
<arg>${username}</arg>
<arg>Amit Sawant</arg>
<doc>Fails if objects are unequal after converting them to strings.</doc>
<status status="NOT RUN" start="2026-07-09T19:47:34.424135" elapsed="0.000062"/>
</kw>
<kw name="Log To Console" owner="BuiltIn">
<arg>User Name: ${username}</arg>
<doc>Logs the given message to the console.</doc>
<status status="NOT RUN" start="2026-07-09T19:47:34.424389" elapsed="0.000054"/>
</kw>
<status status="FAIL" start="2026-07-09T19:47:28.970580" elapsed="5.454120">Element 'css:a[title='Log me out']' not visible after 5 seconds.</status>
</kw>
<kw name="Close Browser" owner="SeleniumLibrary" type="TEARDOWN">
<doc>Closes the current browser.</doc>
<status status="PASS" start="2026-07-09T19:47:34.425140" elapsed="4.307898"/>
</kw>
<tag>Positive</tag>
<status status="FAIL" start="2026-07-09T19:47:19.360305" elapsed="19.372908">Element 'css:a[title='Log me out']' not visible after 5 seconds.</status>
</test>
<test id="s1-s5-t2" name="Login user with invalid credential" line="24">
<kw name="Open the URL with the login URL" type="SETUP">
<kw name="Open Browser" owner="SeleniumLibrary">
<msg time="2026-07-09T19:47:24.860251" level="INFO">Opening browser 'firefox' to base url 'https://automationpractice.techwithjatin.com/'.</msg>
<arg>${URL}</arg>
<arg>${BROWSER}</arg>
<doc>Opens a new browser instance to the optional ``url``.</doc>
<status status="PASS" start="2026-07-09T19:47:24.859960" elapsed="8.901213"/>
</kw>
<kw name="Maximize Browser Window" owner="SeleniumLibrary">
<doc>Maximizes current browser window.</doc>
<status status="PASS" start="2026-07-09T19:47:33.761584" elapsed="0.369308"/>
</kw>
<kw name="Click Link" owner="SeleniumLibrary">
<msg time="2026-07-09T19:47:34.132142" level="INFO">Clicking link 'xpath://a[normalize-space()='Sign in']'.</msg>
<arg>xpath://a[normalize-space()='Sign in']</arg>
<doc>Clicks a link identified by ``locator``.</doc>
<status status="PASS" start="2026-07-09T19:47:34.131272" elapsed="0.744057"/>
</kw>
<arg>${URL}</arg>
<arg>${BROWSER}</arg>
<status status="PASS" start="2026-07-09T19:47:24.859514" elapsed="10.016119"/>
</kw>
<kw name="Fill Login Form">
<kw name="Input Text" owner="SeleniumLibrary">
<msg time="2026-07-09T19:47:34.877484" level="INFO">Typing text 'labisok230@hidevak.com' into text field 'id:email'.</msg>
<arg>id:email</arg>
<arg>${email}</arg>
<doc>Types the given ``text`` into the text field identified by ``locator``.</doc>
<status status="PASS" start="2026-07-09T19:47:34.876849" elapsed="0.098287"/>
</kw>
<kw name="Input Text" owner="SeleniumLibrary">
<msg time="2026-07-09T19:47:34.976266" level="INFO">Typing text 'Test@1234' into text field 'id:passwd'.</msg>
<arg>id:passwd</arg>
<arg>${password}</arg>
<doc>Types the given ``text`` into the text field identified by ``locator``.</doc>
<status status="PASS" start="2026-07-09T19:47:34.975573" elapsed="0.074534"/>
</kw>
<kw name="Click Button" owner="SeleniumLibrary">
<msg time="2026-07-09T19:47:35.051546" level="INFO">Clicking button 'id:SubmitLogin'.</msg>
<arg>id:SubmitLogin</arg>
<doc>Clicks the button identified by ``locator``.</doc>
<status status="PASS" start="2026-07-09T19:47:35.050574" elapsed="0.570197"/>
</kw>
<arg>labisok230@hidevak.com</arg>
<arg>Test@1234</arg>
<status status="PASS" start="2026-07-09T19:47:34.876107" elapsed="0.744972"/>
</kw>
<kw name="Validate Invalid Login">
<kw name="Wait Until Element Is Visible" owner="SeleniumLibrary">
<arg>${INVALID_ERROR_MESSAGE}</arg>
<doc>Waits until the element ``locator`` is visible.</doc>
<status status="PASS" start="2026-07-09T19:47:35.622330" elapsed="0.089204"/>
</kw>
<kw name="Get Text" owner="SeleniumLibrary">
<msg time="2026-07-09T19:47:35.748622" level="INFO">${error} = Authentication failed.</msg>
<var>${error}</var>
<arg>${INVALID_ERROR_MESSAGE}</arg>
<doc>Returns the text value of the element identified by ``locator``.</doc>
<status status="PASS" start="2026-07-09T19:47:35.711942" elapsed="0.036819"/>
</kw>
<kw name="Should Be Equal As Strings" owner="BuiltIn">
<arg>${error}</arg>
<arg>Authentication failed.</arg>
<doc>Fails if objects are unequal after converting them to strings.</doc>
<status status="PASS" start="2026-07-09T19:47:35.749166" elapsed="0.001002"/>
</kw>
<kw name="Element Text Should Be" owner="SeleniumLibrary">
[...]
<status status="PASS" start="2026-07-09T19:49:40.462291" elapsed="0.030460"/>
</kw>
<kw name="Should Be Equal As Strings" owner="BuiltIn">
<arg>${result}</arg>
<arg>Incorrect username/password.</arg>
<doc>Fails if objects are unequal after converting them to strings.</doc>
<status status="PASS" start="2026-07-09T19:49:40.493027" elapsed="0.000584"/>
</kw>
<kw name="Element Text Should Be" owner="SeleniumLibrary">
<msg time="2026-07-09T19:49:40.494246" level="INFO">Verifying element 'css:.alert-danger' contains exact text 'Incorrect username/password.'.</msg>
<arg>${ERROR_MESSAGE_LOGIN}</arg>
<arg>Incorrect username/password.</arg>
<doc>Verifies that element ``locator`` contains exact the text ``expected``.</doc>
<status status="PASS" start="2026-07-09T19:49:40.493865" elapsed="0.020092"/>
</kw>
<status status="PASS" start="2026-07-09T19:49:40.461586" elapsed="0.052665"/>
</kw>
<arg>username=@#$</arg>
<arg>password=learning</arg>
<status status="PASS" start="2026-07-09T19:49:36.935575" elapsed="3.578851"/>
</kw>
<kw name="Close Browser" owner="SeleniumLibrary" type="TEARDOWN">
<doc>Closes the current browser.</doc>
<status status="PASS" start="2026-07-09T19:49:40.514912" elapsed="4.073381"/>
</kw>
<tag>DATADRIVEN</tag>
<status status="PASS" start="2026-07-09T19:49:16.920617" elapsed="27.667930"/>
</test>
<test id="s1-s8-t4" name="Login with multiple test data user 1234 and password 4321" line="26">
<kw name="Open the URL with the login URL" owner="Generic" type="SETUP">
<kw name="Convert To Lower Case" owner="String">
<msg time="2026-07-09T19:48:46.378587" level="INFO">${browser} = firefox</msg>
<var>${browser}</var>
<arg>${BROWSER}</arg>
<doc>Converts string to lower case.</doc>
<status status="PASS" start="2026-07-09T19:48:46.377882" elapsed="0.000836"/>
</kw>
<if>
<branch type="IF" condition="'${browser}' == 'chrome'">
<kw name="Evaluate" owner="BuiltIn">
<var>${options}</var>
<arg>sys.modules['selenium.webdriver'].ChromeOptions()</arg>
<arg>sys, selenium.webdriver</arg>
<doc>Evaluates the given expression in Python and returns the result.</doc>
<status status="NOT RUN" start="2026-07-09T19:48:46.379921" elapsed="0.000111"/>
</kw>
<kw name="Create Dictionary" owner="BuiltIn">
<var>${prefs}</var>
<arg>credentials_enable_service=${False}</arg>
<arg>profile.password_manager_enabled=${False}</arg>
<arg>profile.password_manager_leak_detection=${False}</arg>
<doc>Creates and returns a dictionary based on the given ``items``.</doc>
<status status="NOT RUN" start="2026-07-09T19:48:46.380395" elapsed="0.000091"/>
</kw>
<kw name="Call Method" owner="BuiltIn">
<arg>${options}</arg>
<arg>add_experimental_option</arg>
<arg>prefs</arg>
<arg>${prefs}</arg>
<doc>Calls the named method of the given object with the provided arguments.</doc>
<status status="NOT RUN" start="2026-07-09T19:48:46.380797" elapsed="0.000083"/>
</kw>
<kw name="Create Webdriver" owner="SeleniumLibrary">
<arg>Chrome</arg>
<arg>options=${options}</arg>
<doc>Creates an instance of Selenium WebDriver.</doc>
<status status="NOT RUN" start="2026-07-09T19:48:46.381226" elapsed="0.000115"/>
</kw>
<status status="NOT RUN" start="2026-07-09T19:48:46.379054" elapsed="0.002407"/>
</branch>
<branch type="ELSE IF" condition="'${browser}' == 'edge'">
<kw name="Evaluate" owner="BuiltIn">
<var>${options}</var>
<arg>sys.modules['selenium.webdriver'].EdgeOptions()</arg>
<arg>sys, selenium.webdriver</arg>
<doc>Evaluates the given expression in Python and returns the result.</doc>
<status status="NOT RUN" start="2026-07-09T19:48:46.382318" elapsed="0.000156"/>
</kw>
<kw name="Create Webdriver" owner="SeleniumLibrary">
<arg>Edge</arg>
<arg>options=${options}</arg>
<doc>Creates an instance of Selenium WebDriver.</doc>
<status status="NOT RUN" start="2026-07-09T19:48:46.382875" elapsed="0.000096"/>
</kw>
<status status="NOT RUN" start="2026-07-09T19:48:46.381602" elapsed="0.001505"/>
</branch>
<branch type="ELSE IF" condition="'${browser}' == 'firefox'">
<kw name="Evaluate" owner="BuiltIn">
<msg time="2026-07-09T19:48:46.391090" level="INFO">${options} = &lt;selenium.webdriver.firefox.options.Options object at 0x000001AC8A102BA0&gt;</msg>
<var>${options}</var>
<arg>sys.modules['selenium.webdriver'].FirefoxOptions()</arg>
<arg>sys, selenium.webdriver</arg>
<doc>Evaluates the given expression in Python and returns the result.</doc>
<status status="PASS" start="2026-07-09T19:48:46.384027" elapsed="0.007321"/>
</kw>
<kw name="Create Webdriver" owner="SeleniumLibrary">
<msg time="2026-07-09T19:48:46.417957" level="INFO">Creating an instance of the Firefox WebDriver.</msg>
<arg>Firefox</arg>
<arg>options=${options}</arg>
<doc>Creates an instance of Selenium WebDriver.</doc>
<status status="PASS" start="2026-07-09T19:48:46.392122" elapsed="11.582135"/>
</kw>
<status status="PASS" start="2026-07-09T19:48:46.383359" elapsed="11.591032"/>
</branch>
<branch type="ELSE">
<kw name="Fail" owner="BuiltIn">
<arg>Unsupported browser: ${BROWSER}</arg>
<doc>Fails the test with the given message and optionally alters its tags.</doc>
<status status="NOT RUN" start="2026-07-09T19:48:57.974748" elapsed="0.000060"/>
</kw>
<status status="NOT RUN" start="2026-07-09T19:48:57.974470" elapsed="0.000402"/>
</branch>
<status status="PASS" start="2026-07-09T19:48:46.378965" elapsed="11.595974"/>
</if>
<kw name="Go To" owner="SeleniumLibrary">
<msg time="2026-07-09T19:48:57.975809" level="INFO">Opening url 'https://rahulshettyacademy.com/loginpagePractise/'</msg>
<arg>${URL}</arg>
<doc>Navigates the current browser window to the provided ``url``.</doc>
<status status="PASS" start="2026-07-09T19:48:57.975387" elapsed="0.721193"/>
</kw>
<kw name="Maximize Browser Window" owner="SeleniumLibrary">
<doc>Maximizes current browser window.</doc>
<status status="PASS" start="2026-07-09T19:48:58.697151" elapsed="0.496323"/>
</kw>
<arg>${URL}</arg>
<arg>${BROWSER}</arg>
<status status="PASS" start="2026-07-09T19:48:46.376721" elapsed="12.817157"/>
</kw>
<kw name="Validate Unsuccessful Login">
<kw name="Fill the login Form" owner="HomePage">
<kw name="Input Text" owner="SeleniumLibrary">
<msg time="2026-07-09T19:48:59.200757" level="INFO">Typing text '1234' into text field 'id:username'.</msg>
<arg>id:username</arg>
<arg>${email}</arg>
<doc>Types the given ``text`` into the text field identified by ``locator``.</doc>
<status status="PASS" start="2026-07-09T19:48:59.198776" elapsed="0.855586"/>
</kw>
<kw name="Input Text" owner="SeleniumLibrary">
<msg time="2026-07-09T19:49:00.056609" level="INFO">Typing text '4321' into text field 'id:password'.</msg>
<arg>id:password</arg>
<arg>${password}</arg>
<doc>Types the given ``text`` into the text field identified by ``locator``.</doc>
<status status="PASS" start="2026-07-09T19:49:00.055139" elapsed="0.325594"/>
</kw>
<kw name="Click Button" owner="SeleniumLibrary">
<msg time="2026-07-09T19:49:00.382290" level="INFO">Clicking button 'signInBtn'.</msg>
<arg>signInBtn</arg>
<doc>Clicks the button identified by ``locator``.</doc>
<status status="PASS" start="2026-07-09T19:49:00.381346" elapsed="0.532548"/>
</kw>
<arg>${username}</arg>
<arg>${password}</arg>
<status status="PASS" start="2026-07-09T19:48:59.196970" elapsed="1.717285"/>
</kw>
<kw name="wait until element is located on the page" owner="HomePage">
<kw name="wait until element is visible located on the page" owner="Generic">
<kw name="Wait Until Element Is Visible" owner="SeleniumLibrary">
<arg>${page_locator}</arg>
<arg>20 seconds</arg>
<doc>Waits until the element ``locator`` is visible.</doc>
<status status="PASS" start="2026-07-09T19:49:00.917457" elapsed="1.978766"/>
</kw>
<arg>${ERROR_MESSAGE_LOGIN}</arg>
<status status="PASS" start="2026-07-09T19:49:00.916215" elapsed="1.980316"/>
</kw>
<arg>${ERROR_MESSAGE_LOGIN}</arg>
<status status="PASS" start="2026-07-09T19:49:00.914970" elapsed="1.981764"/>
</kw>
<kw name="verify error message is correct" owner="HomePage">
<kw name="Get Text" owner="SeleniumLibrary">
<msg time="2026-07-09T19:49:02.933016" level="INFO">${result} = Incorrect username/password.</msg>
<var>${result}</var>
<arg>${ERROR_MESSAGE_LOGIN}</arg>
<doc>Returns the text value of the element identified by ``locator``.</doc>
<status status="PASS" start="2026-07-09T19:49:02.898614" elapsed="0.034531"/>
</kw>
<kw name="Should Be Equal As Strings" owner="BuiltIn">
<arg>${result}</arg>
<arg>Incorrect username/password.</arg>
<doc>Fails if objects are unequal after converting them to strings.</doc>
<status status="PASS" start="2026-07-09T19:49:02.933602" elapsed="0.001308"/>
</kw>
<kw name="Element Text Should Be" owner="SeleniumLibrary">
<msg time="2026-07-09T19:49:02.936521" level="INFO">Verifying element 'css:.alert-danger' contains exact text 'Incorrect username/password.'.</msg>
<arg>${ERROR_MESSAGE_LOGIN}</arg>
<arg>Incorrect username/password.</arg>
<doc>Verifies that element ``locator`` contains exact the text ``expected``.</doc>
<status status="PASS" start="2026-07-09T19:49:02.935408" elapsed="0.028977"/>
</kw>
<status status="PASS" start="2026-07-09T19:49:02.897486" elapsed="0.067214"/>
</kw>
<arg>username=1234</arg>
<arg>password=4321</arg>
<status status="PASS" start="2026-07-09T19:48:59.194730" elapsed="3.770280"/>
</kw>
<kw name="Close Browser" owner="SeleniumLibrary" type="TEARDOWN">
<doc>Closes the current browser.</doc>
<status status="PASS" start="2026-07-09T19:49:02.965912" elapsed="4.181473"/>
</kw>
<tag>DATADRIVEN</tag>
<status status="PASS" start="2026-07-09T19:48:46.370619" elapsed="20.776927"/>
</test>
<test id="s1-s8-t5" name="Login with multiple test data user rahulshettyacademy and password Learning@830$3mK2" line="26">
<kw name="Open the URL with the login URL" owner="Generic" type="SETUP">
<kw name="Convert To Lower Case" owner="String">
<msg time="2026-07-09T19:49:07.150875" level="INFO">${browser} = firefox</msg>
<var>${browser}</var>
<arg>${BROWSER}</arg>
<doc>Converts string to lower case.</doc>
<status status="PASS" start="2026-07-09T19:49:07.150479" elapsed="0.000459"/>
</kw>
<if>
<branch type="IF" condition="'${browser}' == 'chrome'">
<kw name="Evaluate" owner="BuiltIn">
<var>${options}</var>
<arg>sys.modules['selenium.webdriver'].ChromeOptions()</arg>
<arg>sys, selenium.webdriver</arg>
<doc>Evaluates the given expression in Python and returns the result.</doc>
<status status="NOT RUN" start="2026-07-09T19:49:07.151402" elapsed="0.000050"/>
</kw>
<kw name="Create Dictionary" owner="BuiltIn">
<var>${prefs}</var>
<arg>credentials_enable_service=${False}</arg>
<arg>profile.password_manager_enabled=${False}</arg>
<arg>profile.password_manager_leak_detection=${False}</arg>
<doc>Creates and returns a dictionary based on the given ``items``.</doc>
<status status="NOT RUN" start="2026-07-09T19:49:07.151642" elapsed="0.000041"/>
</kw>
<kw name="Call Method" owner="BuiltIn">
<arg>${options}</arg>
<arg>add_experimental_option</arg>
<arg>prefs</arg>
<arg>${prefs}</arg>
<doc>Calls the named method of the given object with the provided arguments.</doc>
<status status="NOT RUN" start="2026-07-09T19:49:07.151887" elapsed="0.000059"/>
</kw>
<kw name="Create Webdriver" owner="SeleniumLibrary">
<arg>Chrome</arg>
<arg>options=${options}</arg>
<doc>Creates an instance of Selenium WebDriver.</doc>
<status status="NOT RUN" start="2026-07-09T19:49:07.152156" elapsed="0.000056"/>
</kw>
<status status="NOT RUN" start="2026-07-09T19:49:07.151106" elapsed="0.001174"/>
</branch>
<branch type="ELSE IF" condition="'${browser}' == 'edge'">
<kw name="Evaluate" owner="BuiltIn">
<var>${options}</var>
<arg>sys.modules['selenium.webdriver'].EdgeOptions()</arg>
<arg>sys, selenium.webdriver</arg>
<doc>Evaluates the given expression in Python and returns the result.</doc>
<status status="NOT RUN" start="2026-07-09T19:49:07.152643" elapsed="0.000034"/>
</kw>
<kw name="Create Webdriver" owner="SeleniumLibrary">
<arg>Edge</arg>
<arg>options=${options}</arg>
<doc>Creates an instance of Selenium WebDriver.</doc>
<status status="NOT RUN" start="2026-07-09T19:49:07.152819" elapsed="0.000028"/>
</kw>
<status status="NOT RUN" start="2026-07-09T19:49:07.152345" elapsed="0.000541"/>
</branch>
<branch type="ELSE IF" condition="'${browser}' == 'firefox'">
<kw name="Evaluate" owner="BuiltIn">
<msg time="2026-07-09T19:49:07.153871" level="INFO">${options} = &lt;selenium.webdriver.firefox.options.Options object at 0x000001AC8A224190&gt;</msg>
<var>${options}</var>
<arg>sys.modules['selenium.webdriver'].FirefoxOptions()</arg>
<arg>sys, selenium.webdriver</arg>
<doc>Evaluates the given expression in Python and returns the result.</doc>
<status status="PASS" start="2026-07-09T19:49:07.153193" elapsed="0.000738"/>
</kw>
<kw name="Create Webdriver" owner="SeleniumLibrary">
<msg time="2026-07-09T19:49:07.154402" level="INFO">Creating an instance of the Firefox WebDriver.</msg>
<arg>Firefox</arg>
<arg>options=${options}</arg>
<doc>Creates an instance of Selenium WebDriver.</doc>
<status status="PASS" start="2026-07-09T19:49:07.154129" elapsed="11.502667"/>
</kw>
<status status="PASS" start="2026-07-09T19:49:07.152926" elapsed="11.504100"/>
</branch>
<branch type="ELSE">
<kw name="Fail" owner="BuiltIn">
<arg>Unsupported browser: ${BROWSER}</arg>
<doc>Fails the test with the given message and optionally alters its tags.</doc>
<status status="NOT RUN" start="2026-07-09T19:49:18.657536" elapsed="0.000097"/>
</kw>
<status status="NOT RUN" start="2026-07-09T19:49:18.657171" elapsed="0.000573"/>
</branch>
<status status="PASS" start="2026-07-09T19:49:07.151068" elapsed="11.506758"/>
</if>
<kw name="Go To" owner="SeleniumLibrary">
<msg time="2026-07-09T19:49:18.658456" level="INFO">Opening url 'https://rahulshettyacademy.com/loginpagePractise/'</msg>
<arg>${URL}</arg>
<doc>Navigates the current browser window to the provided ``url``.</doc>
<status status="PASS" start="2026-07-09T19:49:18.658078" elapsed="0.966271"/>
</kw>
<kw name="Maximize Browser Window" owner="SeleniumLibrary">
<doc>Maximizes current browser window.</doc>
<status status="PASS" start="2026-07-09T19:49:19.625082" elapsed="0.892445"/>
</kw>
<arg>${URL}</arg>
<arg>${BROWSER}</arg>
<status status="PASS" start="2026-07-09T19:49:07.149756" elapsed="13.368312"/>
</kw>
<kw name="Validate Unsuccessful Login">
<kw name="Fill the login Form" owner="HomePage">
<kw name="Input Text" owner="SeleniumLibrary">
<msg time="2026-07-09T19:49:20.522890" level="INFO">Typing text 'rahulshettyacademy' into text field 'id:username'.</msg>
<arg>id:username</arg>
<arg>${email}</arg>
<doc>Types the given ``text`` into the text field identified by ``locator``.</doc>
<status status="PASS" start="2026-07-09T19:49:20.521847" elapsed="2.383907"/>
</kw>
<kw name="Input Text" owner="SeleniumLibrary">
<msg time="2026-07-09T19:49:22.908232" level="INFO">Typing text 'Learning@830$3mK2' into text field 'id:password'.</msg>
<arg>id:password</arg>
<arg>${password}</arg>
<doc>Types the given ``text`` into the text field identified by ``locator``.</doc>
<status status="PASS" start="2026-07-09T19:49:22.906672" elapsed="0.895424"/>
</kw>
<kw name="Click Button" owner="SeleniumLibrary">
<msg time="2026-07-09T19:49:23.803554" level="INFO">Clicking button 'signInBtn'.</msg>
<arg>signInBtn</arg>
<doc>Clicks the button identified by ``locator``.</doc>
<status status="PASS" start="2026-07-09T19:49:23.802803" elapsed="0.685285"/>
</kw>
<arg>${username}</arg>
<arg>${password}</arg>
<status status="PASS" start="2026-07-09T19:49:20.520572" elapsed="3.968053"/>
</kw>
<kw name="wait until element is located on the page" owner="HomePage">
<kw name="wait until element is visible located on the page" owner="Generic">
<kw name="Wait Until Element Is Visible" owner="SeleniumLibrary">
<msg time="2026-07-09T19:49:44.697507" level="INFO" html="true">&lt;/td&gt;&lt;/tr&gt;&lt;tr&gt;&lt;td colspan="3"&gt;&lt;a href="../screenshots/selenium-screenshot-1.png"&gt;&lt;img src="../screenshots/selenium-screenshot-1.png" width="800px"&gt;&lt;/a&gt;</msg>
<msg time="2026-07-09T19:49:44.698036" level="FAIL">Element 'css:.alert-danger' not visible after 20 seconds.</msg>
<arg>${page_locator}</arg>
<arg>20 seconds</arg>
<doc>Waits until the element ``locator`` is visible.</doc>
<status status="FAIL" start="2026-07-09T19:49:24.493043" elapsed="20.212446">Element 'css:.alert-danger' not visible after 20 seconds.</status>
</kw>
<arg>${ERROR_MESSAGE_LOGIN}</arg>
<status status="FAIL" start="2026-07-09T19:49:24.491713" elapsed="20.214370">Element 'css:.alert-danger' not visible after 20 seconds.</status>
</kw>
<arg>${ERROR_MESSAGE_LOGIN}</arg>
<status status="FAIL" start="2026-07-09T19:49:24.489717" elapsed="20.216739">Element 'css:.alert-danger' not visible after 20 seconds.</status>
</kw>
<kw name="verify error message is correct" owner="HomePage">
<status status="NOT RUN" start="2026-07-09T19:49:44.707169" elapsed="0.000137"/>
</kw>
<arg>username=rahulshettyacademy</arg>
<arg>password=Learning@830$3mK2</arg>
<status status="FAIL" start="2026-07-09T19:49:20.518844" elapsed="24.188777">Element 'css:.alert-danger' not visible after 20 seconds.</status>
</kw>
<kw name="Close Browser" owner="SeleniumLibrary" type="TEARDOWN">
<doc>Closes the current browser.</doc>
<status status="PASS" start="2026-07-09T19:49:44.708456" elapsed="5.324218"/>
</kw>
<tag>DATADRIVEN</tag>
<status status="FAIL" start="2026-07-09T19:49:07.148046" elapsed="42.884864">Element 'css:.alert-danger' not visible after 20 seconds.</status>
</test>
<doc>Test Suite for validate the login here</doc>
<status status="FAIL" start="2026-07-09T19:48:33.915000" elapsed="261.401000"/>
</suite>
<status status="FAIL" start="2026-07-09T19:46:16.451000" elapsed="398.867000"/>
</suite>
<statistics>
<total>
<stat pass="18" fail="3" skip="0">All Tests</stat>
</total>
<tag>
<stat pass="4" fail="1" skip="0">DATADRIVEN</stat>
<stat pass="1" fail="0" skip="0">NEWFEATURE</stat>
<stat pass="12" fail="2" skip="0">Positive</stat>
<stat pass="1" fail="0" skip="0">SANITY</stat>
</tag>
<suite>
<stat name="Test" id="s1" pass="18" fail="3" skip="0">Test</stat>
<stat name="testAuthentication" id="s1-s1" pass="2" fail="0" skip="0">Test.testAuthentication</stat>
<stat name="testCustomLibrary" id="s1-s2" pass="1" fail="0" skip="0">Test.testCustomLibrary</stat>
<stat name="testDataDriven" id="s1-s3" pass="3" fail="0" skip="0">Test.testDataDriven</stat>
<stat name="testDemo1" id="s1-s4" pass="2" fail="0" skip="0">Test.testDemo1</stat>
<stat name="testDemo2" id="s1-s5" pass="1" fail="1" skip="0">Test.testDemo2</stat>
<stat name="testWindowHandles" id="s1-s6" pass="1" fail="0" skip="0">Test.testWindowHandles</stat>
<stat name="testDataCSVRead" id="s1-s7" pass="4" fail="1" skip="0">Test.testDataCSVRead</stat>
<stat name="testSeleniumPractice" id="s1-s8" pass="4" fail="1" skip="0">Test.testSeleniumPractice</stat>
</suite>
</statistics>
<errors>
<msg time="2026-07-09T19:46:17.007350" level="ERROR">Error in file 'C:\Amit_Tech\Education\VisualStudio_Workspace\Robot_Automation_Projects\RobotAutomationDemo\RobotAutomationDemoProject\resources\resource.robot' on line 8: Setting 'Suite Setup' is not allowed in resource file.</msg>
<msg time="2026-07-09T19:46:17.007465" level="ERROR">Error in file 'C:\Amit_Tech\Education\VisualStudio_Workspace\Robot_Automation_Projects\RobotAutomationDemo\RobotAutomationDemoProject\resources\resource.robot' on line 9: Setting 'Test Teardown' is not allowed in resource file.</msg>
<msg time="2026-07-09T19:46:17.007557" level="ERROR">Error in file 'C:\Amit_Tech\Education\VisualStudio_Workspace\Robot_Automation_Projects\RobotAutomationDemo\RobotAutomationDemoProject\resources\resource.robot' on line 8: Setting 'Suite Setup' is not allowed in resource file.</msg>
<msg time="2026-07-09T19:46:17.007683" level="ERROR">Error in file 'C:\Amit_Tech\Education\VisualStudio_Workspace\Robot_Automation_Projects\RobotAutomationDemo\RobotAutomationDemoProject\resources\resource.robot' on line 9: Setting 'Test Teardown' is not allowed in resource file.</msg>
</errors>
</robot>
